2024-03-12 14:31:54,506:common_utils:INFO:Updated server timestamp: 1710279113791
2024-03-12 14:31:54,822:common_utils:INFO:Updated server timestamp: 1710279114099
2024-03-12 14:32:19,310:common_utils:INFO:Updated server timestamp: 1710279138583
2024-03-12 14:32:19,566:common_utils:INFO:Updated server timestamp: 1710279138844
2024-03-12 14:32:28,405:binance_update_ads:INFO:Competitor ad: {'adv': {'advNo': '12600600153974718464', 'classify': 'profession', 'tradeType': 'SELL', 'asset': 'BTC', 'fiatUnit': 'MXN', 'price': '1220316.00', 'surplusAmount': '0.03753378', 'maxSingleTransAmount': '500000.00', 'minSingleTransAmount': '1500.00', 'payTimeLimit': 30, 'tradeMethods': [{'identifier': 'BANK', 'tradeMethodName': 'Bank Transfer'}, {'identifier': 'BANK'}], 'tradableQuantity': '0.03747382', 'commissionRate': '0.0016', 'takerAdditionalKycRequired': 0, 'assetScale': 8, 'fiatScale': 2, 'priceScale': 2, 'fiatSymbol': 'Mex$', 'isTradable': True, 'dynamicMaxSingleTransAmount': '45803.07', 'minSingleTransQuantity': '0.00122918', 'maxSingleTransQuantity': '0.40972993', 'dynamicMaxSingleTransQuantity': '0.03753378'}, 'advertiser': {'userNo': 's74e77be3e1f53c7f93b675c4a7a7c990', 'nickName': 'Vic Snim', 'monthOrderCount': 120, 'monthFinishRate': '0.984', 'userType': 'merchant', 'tagIconUrls': []}}
2024-03-12 14:32:32,107:binance_update_ads:INFO:Competitor ad: {'adv': {'advNo': '12593307338986668032', 'classify': 'profession', 'tradeType': 'SELL', 'asset': 'BTC', 'fiatUnit': 'MXN', 'price': '1237687.44', 'surplusAmount': '0.05041856', 'maxSingleTransAmount': '8000.00', 'minSingleTransAmount': '1000.00', 'payTimeLimit': 15, 'tradeMethods': [{'identifier': 'CitiBanamex', 'tradeMethodName': 'Citibanamex'}, {'identifier': 'Banorte', 'tradeMethodName': 'Banorte'}], 'tradableQuantity': '0.05033801', 'commissionRate': '0.0016', 'takerAdditionalKycRequired': 0, 'assetScale': 8, 'fiatScale': 2, 'priceScale': 2, 'fiatSymbol': 'Mex$', 'isTradable': True, 'dynamicMaxSingleTransAmount': '8000.00', 'minSingleTransQuantity': '0.00080795', 'maxSingleTransQuantity': '0.00646366', 'dynamicMaxSingleTransQuantity': '0.00646366'}, 'advertiser': {'userNo': 's2cd9ad1d09d33b489f51c326f590a331', 'nickName': 'Eldmty', 'monthOrderCount': 1552, 'monthFinishRate': '0.99', 'userType': 'merchant', 'tagIconUrls': []}}
2024-03-12 14:32:38,068:binance_update_ads:INFO:Competitor ad: {'adv': {'advNo': '11423727566614999040', 'classify': 'profession', 'tradeType': 'SELL', 'asset': 'USDT', 'fiatUnit': 'MXN', 'price': '17.09', 'surplusAmount': '2756.12', 'maxSingleTransAmount': '33333.00', 'minSingleTransAmount': '555.00', 'payTimeLimit': 15, 'tradeMethods': [{'identifier': 'BBVABank', 'tradeMethodName': 'BBVA'}, {'identifier': 'BANK', 'tradeMethodName': 'Bank Transfer'}, {'identifier': 'SantanderMexico', 'tradeMethodName': 'Santander Mexico'}], 'tradableQuantity': '2751.71725239', 'commissionRate': '0.0016', 'takerAdditionalKycRequired': 0, 'assetScale': 2, 'fiatScale': 2, 'priceScale': 2, 'fiatSymbol': 'Mex$', 'isTradable': True, 'dynamicMaxSingleTransAmount': '33333.00', 'minSingleTransQuantity': '32.47', 'maxSingleTransQuantity': '1950.43', 'dynamicMaxSingleTransQuantity': '1950.43'}, 'advertiser': {'userNo': 's5daef3348be63a0d9305264d943af291', 'nickName': 'Alquimista333', 'monthOrderCount': 813, 'monthFinishRate': '0.993', 'userType': 'merchant', 'tagIconUrls': []}}
2024-03-12 14:32:40,836:__main__:ERROR:KeyboardInterrupt received. Exiting...
2024-03-12 14:32:40,868:asyncio:ERROR:Unclosed client session
client_session: <aiohttp.client.ClientSession object at 0x000001AFF80EE110>
2024-03-12 14:32:40,884:asyncio:ERROR:Unclosed client session
client_session: <aiohttp.client.ClientSession object at 0x000001AFF80EE1A0>
2024-03-12 14:32:40,884:asyncio:ERROR:Unclosed connector
connections: ['[(<aiohttp.client_proto.ResponseHandler object at 0x000001AFF81A8400>, 814129.64)]']
connector: <aiohttp.connector.TCPConnector object at 0x000001AFF80EE0E0>
2024-03-12 14:32:40,884:asyncio:ERROR:Unclosed connector
connections: ['[(<aiohttp.client_proto.ResponseHandler object at 0x000001AFF80ABC40>, 814135.656)]']
connector: <aiohttp.connector.TCPConnector object at 0x000001AFF80EE2F0>
2024-03-12 14:32:40,884:asyncio:ERROR:Fatal error on SSL transport
protocol: <asyncio.sslproto.SSLProtocol object at 0x000001AFF8090AF0>
transport: <_SelectorSocketTransport closing fd=692>
Traceback (most recent call last):
  File "C:\Users\p7016\AppData\Local\Programs\Python\Python310\lib\asyncio\selector_events.py", line 924, in write
    n = self._sock.send(data)
OSError: [WinError 10038] An operation was attempted on something that is not a socket

During handling of the above exception, another exception occurred:

Traceback (most recent call last):
  File "C:\Users\p7016\AppData\Local\Programs\Python\Python310\lib\asyncio\sslproto.py", line 690, in _process_write_backlog
    self._transport.write(chunk)
  File "C:\Users\p7016\AppData\Local\Programs\Python\Python310\lib\asyncio\selector_events.py", line 930, in write
    self._fatal_error(exc, 'Fatal write error on socket transport')
  File "C:\Users\p7016\AppData\Local\Programs\Python\Python310\lib\asyncio\selector_events.py", line 725, in _fatal_error
    self._force_close(exc)
  File "C:\Users\p7016\AppData\Local\Programs\Python\Python310\lib\asyncio\selector_events.py", line 737, in _force_close
    self._loop.call_soon(self._call_connection_lost, exc)
  File "C:\Users\p7016\AppData\Local\Programs\Python\Python310\lib\asyncio\base_events.py", line 753, in call_soon
    self._check_closed()
  File "C:\Users\p7016\AppData\Local\Programs\Python\Python310\lib\asyncio\base_events.py", line 515, in _check_closed
    raise RuntimeError('Event loop is closed')
RuntimeError: Event loop is closed
2024-03-12 14:32:40,915:asyncio:ERROR:Fatal error on SSL transport
protocol: <asyncio.sslproto.SSLProtocol object at 0x000001AFF80ED120>
transport: <_SelectorSocketTransport closing fd=1164>
Traceback (most recent call last):
  File "C:\Users\p7016\AppData\Local\Programs\Python\Python310\lib\asyncio\selector_events.py", line 924, in write
    n = self._sock.send(data)
OSError: [WinError 10038] An operation was attempted on something that is not a socket

During handling of the above exception, another exception occurred:

Traceback (most recent call last):
  File "C:\Users\p7016\AppData\Local\Programs\Python\Python310\lib\asyncio\sslproto.py", line 690, in _process_write_backlog
    self._transport.write(chunk)
  File "C:\Users\p7016\AppData\Local\Programs\Python\Python310\lib\asyncio\selector_events.py", line 930, in write
    self._fatal_error(exc, 'Fatal write error on socket transport')
  File "C:\Users\p7016\AppData\Local\Programs\Python\Python310\lib\asyncio\selector_events.py", line 725, in _fatal_error
    self._force_close(exc)
  File "C:\Users\p7016\AppData\Local\Programs\Python\Python310\lib\asyncio\selector_events.py", line 737, in _force_close
    self._loop.call_soon(self._call_connection_lost, exc)
  File "C:\Users\p7016\AppData\Local\Programs\Python\Python310\lib\asyncio\base_events.py", line 753, in call_soon
    self._check_closed()
  File "C:\Users\p7016\AppData\Local\Programs\Python\Python310\lib\asyncio\base_events.py", line 515, in _check_closed
    raise RuntimeError('Event loop is closed')
RuntimeError: Event loop is closed
2024-03-12 14:32:44,890:common_utils:INFO:Updated server timestamp: 1710279164175
2024-03-12 14:32:45,159:common_utils:INFO:Updated server timestamp: 1710279164436
2024-03-12 14:32:55,213:binance_update_ads:INFO:Competitor ad: {'adv': {'advNo': '12600600153974718464', 'classify': 'profession', 'tradeType': 'SELL', 'asset': 'BTC', 'fiatUnit': 'MXN', 'price': '1220316.00', 'surplusAmount': '0.03753378', 'maxSingleTransAmount': '500000.00', 'minSingleTransAmount': '1500.00', 'payTimeLimit': 30, 'tradeMethods': [{'identifier': 'BANK', 'tradeMethodName': 'Bank Transfer'}, {'identifier': 'BANK'}], 'tradableQuantity': '0.03747382', 'commissionRate': '0.0016', 'takerAdditionalKycRequired': 0, 'assetScale': 8, 'fiatScale': 2, 'priceScale': 2, 'fiatSymbol': 'Mex$', 'isTradable': True, 'dynamicMaxSingleTransAmount': '45803.07', 'minSingleTransQuantity': '0.00122918', 'maxSingleTransQuantity': '0.40972993', 'dynamicMaxSingleTransQuantity': '0.03753378'}, 'advertiser': {'userNo': 's74e77be3e1f53c7f93b675c4a7a7c990', 'nickName': 'Vic Snim', 'monthOrderCount': 120, 'monthFinishRate': '0.984', 'userType': 'merchant', 'tagIconUrls': []}}
2024-03-12 14:32:59,369:binance_update_ads:INFO:Competitor ad: {'adv': {'advNo': '12593307338986668032', 'classify': 'profession', 'tradeType': 'SELL', 'asset': 'BTC', 'fiatUnit': 'MXN', 'price': '1237687.44', 'surplusAmount': '0.05041856', 'maxSingleTransAmount': '8000.00', 'minSingleTransAmount': '1000.00', 'payTimeLimit': 15, 'tradeMethods': [{'identifier': 'CitiBanamex', 'tradeMethodName': 'Citibanamex'}, {'identifier': 'Banorte', 'tradeMethodName': 'Banorte'}], 'tradableQuantity': '0.05033801', 'commissionRate': '0.0016', 'takerAdditionalKycRequired': 0, 'assetScale': 8, 'fiatScale': 2, 'priceScale': 2, 'fiatSymbol': 'Mex$', 'isTradable': True, 'dynamicMaxSingleTransAmount': '8000.00', 'minSingleTransQuantity': '0.00080795', 'maxSingleTransQuantity': '0.00646366', 'dynamicMaxSingleTransQuantity': '0.00646366'}, 'advertiser': {'userNo': 's2cd9ad1d09d33b489f51c326f590a331', 'nickName': 'Eldmty', 'monthOrderCount': 1552, 'monthFinishRate': '0.99', 'userType': 'merchant', 'tagIconUrls': []}}
2024-03-12 14:33:05,828:binance_update_ads:INFO:Competitor ad: {'adv': {'advNo': '11506469139286073344', 'classify': 'profession', 'tradeType': 'SELL', 'asset': 'USDT', 'fiatUnit': 'MXN', 'price': '17.08', 'surplusAmount': '6224.05', 'maxSingleTransAmount': '190000.00', 'minSingleTransAmount': '1500.00', 'payTimeLimit': 15, 'tradeMethods': [{'identifier': 'MercadoPagoNew', 'tradeMethodName': 'Mercadopago'}, {'identifier': 'BBVABank', 'tradeMethodName': 'BBVA'}, {'identifier': 'BANK', 'tradeMethodName': 'Bank Transfer'}, {'identifier': 'Banorte', 'tradeMethodName': 'Banorte'}, {'identifier': 'STP', 'tradeMethodName': 'STP'}], 'tradableQuantity': '6215.34851208', 'commissionRate': '0.0014', 'takerAdditionalKycRequired': 0, 'assetScale': 2, 'fiatScale': 2, 'priceScale': 2, 'fiatSymbol': 'Mex$', 'isTradable': True, 'dynamicMaxSingleTransAmount': '106306.77', 'minSingleTransQuantity': '87.82', 'maxSingleTransQuantity': '11124.12', 'dynamicMaxSingleTransQuantity': '6224.05'}, 'advertiser': {'userNo': 'sf215c83290763941880405747b31c428', 'nickName': 'HyperMoneyMx', 'monthOrderCount': 355, 'monthFinishRate': '0.984', 'userType': 'merchant', 'tagIconUrls': []}}
2024-03-12 14:33:10,079:binance_update_ads:INFO:Competitor ad: {'adv': {'advNo': '11423727566614999040', 'classify': 'profession', 'tradeType': 'SELL', 'asset': 'USDT', 'fiatUnit': 'MXN', 'price': '17.09', 'surplusAmount': '2756.12', 'maxSingleTransAmount': '33333.00', 'minSingleTransAmount': '555.00', 'payTimeLimit': 15, 'tradeMethods': [{'identifier': 'BBVABank', 'tradeMethodName': 'BBVA'}, {'identifier': 'BANK', 'tradeMethodName': 'Bank Transfer'}, {'identifier': 'SantanderMexico', 'tradeMethodName': 'Santander Mexico'}], 'tradableQuantity': '2751.71725239', 'commissionRate': '0.0016', 'takerAdditionalKycRequired': 0, 'assetScale': 2, 'fiatScale': 2, 'priceScale': 2, 'fiatSymbol': 'Mex$', 'isTradable': True, 'dynamicMaxSingleTransAmount': '33333.00', 'minSingleTransQuantity': '32.47', 'maxSingleTransQuantity': '1950.43', 'dynamicMaxSingleTransQuantity': '1950.43'}, 'advertiser': {'userNo': 's5daef3348be63a0d9305264d943af291', 'nickName': 'Alquimista333', 'monthOrderCount': 813, 'monthFinishRate': '0.993', 'userType': 'merchant', 'tagIconUrls': []}}
2024-03-12 14:33:16,278:binance_update_ads:INFO:Competitor ad: {'adv': {'advNo': '12570851348768059392', 'classify': 'profession', 'tradeType': 'SELL', 'asset': 'USDT', 'fiatUnit': 'MXN', 'price': '17.40', 'surplusAmount': '990.12', 'maxSingleTransAmount': '17228.00', 'minSingleTransAmount': '500.00', 'payTimeLimit': 30, 'tradeMethods': [{'identifier': 'OXXO', 'tradeMethodName': 'OXXO'}, {'identifier': 'CashDeposit', 'tradeMethodName': 'Cash Deposit to Bank'}, {'identifier': 'STP', 'tradeMethodName': 'STP'}, {'identifier': 'BANK', 'tradeMethodName': 'Bank Transfer'}, {'identifier': '7Eleven', 'tradeMethodName': '7-Eleven'}], 'tradableQuantity': '988.53833865', 'commissionRate': '0.0016', 'takerAdditionalKycRequired': 0, 'assetScale': 2, 'fiatScale': 2, 'priceScale': 2, 'fiatSymbol': 'Mex$', 'isTradable': True, 'dynamicMaxSingleTransAmount': '17228.00', 'minSingleTransQuantity': '28.73', 'maxSingleTransQuantity': '990.11', 'dynamicMaxSingleTransQuantity': '990.11'}, 'advertiser': {'userNo': 's96ddc6ceb0a43c458ed6f509e366844a', 'nickName': 'ICHIMOYKUNAVA', 'monthOrderCount': 348, 'monthFinishRate': '0.992', 'userType': 'merchant', 'tagIconUrls': []}}
2024-03-12 14:33:19,658:binance_update_ads:INFO:Competitor ad: {'adv': {'advNo': '12591565820213092352', 'classify': 'profession', 'tradeType': 'SELL', 'asset': 'ETH', 'fiatUnit': 'MXN', 'price': '68414.26', 'surplusAmount': '0.34331110', 'maxSingleTransAmount': '50000.00', 'minSingleTransAmount': '500.00', 'payTimeLimit': 15, 'tradeMethods': [{'identifier': 'BANK', 'tradeMethodName': 'Bank Transfer'}], 'tradableQuantity': '0.34296813', 'commissionRate': '0.001', 'takerAdditionalKycRequired': 0, 'assetScale': 8, 'fiatScale': 2, 'priceScale': 2, 'fiatSymbol': 'Mex$', 'isTradable': True, 'dynamicMaxSingleTransAmount': '23487.37', 'minSingleTransQuantity': '0.00730841', 'maxSingleTransQuantity': '0.73084178', 'dynamicMaxSingleTransQuantity': '0.34331110'}, 'advertiser': {'userNo': 's85b195c6d2c63288b9fd7bc733077e07', 'nickName': 'Rockefugger', 'monthOrderCount': 15381, 'monthFinishRate': '0.995', 'userType': 'merchant', 'tagIconUrls': []}}
2024-03-12 14:34:07,765:common_utils:INFO:Updated server timestamp: 1710279247041
2024-03-12 14:34:08,097:common_utils:INFO:Updated server timestamp: 1710279247343
2024-03-12 14:35:19,516:binance_c2c:INFO:Message sent
2024-03-12 14:35:24,528:binance_c2c:INFO:Message sent
2024-03-12 14:35:24,528:binance_c2c:INFO:Message sent
2024-03-12 14:35:28,497:fetch_outlook:WARNING:Token expires in: 2024-03-12 15:35:28.497191
2024-03-12 14:35:28,967:ip_info_io:INFO:Getting IP details for: 187.161.80.191
2024-03-12 14:35:29,292:verify_client_ip:INFO:IP from Country: MX
2024-03-12 14:36:14,715:binance_c2c:INFO:Message sent
2024-03-12 14:36:19,835:binance_c2c:INFO:Message sent
2024-03-12 14:36:27,345:binance_c2c:INFO:Message sent
2024-03-12 14:36:53,490:common_utils:INFO:Updated server timestamp: 1710279412764
2024-03-12 14:36:53,772:common_utils:INFO:Updated server timestamp: 1710279413038
2024-03-12 14:37:14,018:binance_c2c:INFO:Message sent
2024-03-12 14:37:14,018:binance_c2c:INFO:Message sent
2024-03-12 14:37:25,644:binance_c2c:INFO:Message sent
2024-03-12 14:37:31,723:binance_bank_deposit:INFO:Amount to deposit: 1500.0
2024-03-12 14:37:31,723:binance_bank_deposit:INFO:Buyer bank condition: AND LOWER(a.account_bank_name) = ?
2024-03-12 14:37:31,723:binance_bank_deposit:INFO:Found 0 suitable accounts for order 20600982166162001920
2024-03-12 14:37:31,723:binance_bank_deposit:INFO:Suitable accounts: []
2024-03-12 14:37:31,723:binance_bank_deposit:INFO:Amount to deposit: 1500.0
2024-03-12 14:37:31,723:binance_bank_deposit:INFO:Buyer bank condition: AND LOWER(a.account_bank_name) NOT LIKE '%bbva%'
2024-03-12 14:37:31,739:binance_bank_deposit:INFO:Found 8 suitable accounts for order 20600982166162001920
2024-03-12 14:37:31,739:binance_bank_deposit:INFO:Suitable accounts: [('646180146006124571', 'STP'), ('646180204200033494', 'STP'), ('710969000016348705', 'Nvio'), ('058597000054265356', 'Banregio'), ('058597000056476091', 'Banregio'), ('710969000007300927', 'Nvio'), ('014761655091416464', 'Santander'), ('710969000015306104', 'Nvio')]
2024-03-12 14:37:31,739:binance_bank_deposit:INFO:Total after deposit for buyer 'MENDEZ CABELLO ALLAN' on account 646180146006124571: 1500.0
2024-03-12 14:37:31,739:binance_bank_deposit:INFO:The deposit does not exceed the buyer's monthly limit of 70000.00.
2024-03-12 14:37:31,754:binance_c2c:INFO:Message sent
2024-03-12 14:37:36,771:binance_c2c:INFO:Message sent
2024-03-12 14:37:41,779:binance_c2c:INFO:Message sent
2024-03-12 14:39:53,008:binance_c2c:INFO:Message sent
2024-03-12 14:39:58,015:binance_c2c:INFO:Message sent
2024-03-12 14:40:20,382:binance_c2c:INFO:Message sent
2024-03-12 14:41:20,660:binance_c2c:INFO:Message sent
2024-03-12 14:41:21,715:binance_c2c:INFO:Message sent
2024-03-12 14:41:26,733:binance_c2c:INFO:Message sent
2024-03-12 14:41:27,332:binance_orders:INFO:Missing balance for BTC: 0.001263309999999962
2024-03-12 14:41:27,582:binance_wallets:INFO:Order successfully placed: {'symbol': 'BTCUSDT', 'orderId': 25582631770, 'orderListId': -1, 'clientOrderId': 'aqLbXLELgAL7GQuLwUDSJd', 'transactTime': 1710279686864, 'price': '0.00000000', 'origQty': '0.00130000', 'executedQty': '0.00130000', 'cummulativeQuoteQty': '92.27543000', 'status': 'FILLED', 'timeInForce': 'GTC', 'type': 'MARKET', 'side': 'BUY', 'workingTime': 1710279686864, 'fills': [{'price': '70981.10000000', 'qty': '0.00130000', 'commission': '0.00000130', 'commissionAsset': 'BTC', 'tradeId': 3478251864}], 'selfTradePreventionMode': 'EXPIRE_MAKER'}
2024-03-12 14:44:40,891:__main__:ERROR:KeyboardInterrupt received. Exiting...
2024-03-12 14:44:40,924:asyncio:ERROR:Unclosed client session
client_session: <aiohttp.client.ClientSession object at 0x0000020667551F30>
2024-03-12 14:44:40,924:asyncio:ERROR:Unclosed client session
client_session: <aiohttp.client.ClientSession object at 0x0000020667551E10>
2024-03-12 14:44:40,924:asyncio:ERROR:Unclosed connector
connections: ['[(<aiohttp.client_proto.ResponseHandler object at 0x0000020667608E20>, 814846.687)]']
connector: <aiohttp.connector.TCPConnector object at 0x0000020667551ED0>
2024-03-12 14:44:40,924:asyncio:ERROR:Unclosed connector
connections: ['[(<aiohttp.client_proto.ResponseHandler object at 0x0000020667608460>, 814849.64)]']
connector: <aiohttp.connector.TCPConnector object at 0x0000020667551AB0>
2024-03-12 14:44:40,924:asyncio:ERROR:Fatal error on SSL transport
protocol: <asyncio.sslproto.SSLProtocol object at 0x00000206675517B0>
transport: <_SelectorSocketTransport closing fd=624>
Traceback (most recent call last):
  File "C:\Users\p7016\AppData\Local\Programs\Python\Python310\lib\asyncio\selector_events.py", line 924, in write
    n = self._sock.send(data)
OSError: [WinError 10038] An operation was attempted on something that is not a socket

During handling of the above exception, another exception occurred:

Traceback (most recent call last):
  File "C:\Users\p7016\AppData\Local\Programs\Python\Python310\lib\asyncio\sslproto.py", line 690, in _process_write_backlog
    self._transport.write(chunk)
  File "C:\Users\p7016\AppData\Local\Programs\Python\Python310\lib\asyncio\selector_events.py", line 930, in write
    self._fatal_error(exc, 'Fatal write error on socket transport')
  File "C:\Users\p7016\AppData\Local\Programs\Python\Python310\lib\asyncio\selector_events.py", line 725, in _fatal_error
    self._force_close(exc)
  File "C:\Users\p7016\AppData\Local\Programs\Python\Python310\lib\asyncio\selector_events.py", line 737, in _force_close
    self._loop.call_soon(self._call_connection_lost, exc)
  File "C:\Users\p7016\AppData\Local\Programs\Python\Python310\lib\asyncio\base_events.py", line 753, in call_soon
    self._check_closed()
  File "C:\Users\p7016\AppData\Local\Programs\Python\Python310\lib\asyncio\base_events.py", line 515, in _check_closed
    raise RuntimeError('Event loop is closed')
RuntimeError: Event loop is closed
2024-03-12 14:44:41,033:asyncio:ERROR:Fatal error on SSL transport
protocol: <asyncio.sslproto.SSLProtocol object at 0x00000206674F92A0>
transport: <_SelectorSocketTransport closing fd=1172>
Traceback (most recent call last):
  File "C:\Users\p7016\AppData\Local\Programs\Python\Python310\lib\asyncio\selector_events.py", line 924, in write
    n = self._sock.send(data)
OSError: [WinError 10038] An operation was attempted on something that is not a socket

During handling of the above exception, another exception occurred:

Traceback (most recent call last):
  File "C:\Users\p7016\AppData\Local\Programs\Python\Python310\lib\asyncio\sslproto.py", line 690, in _process_write_backlog
    self._transport.write(chunk)
  File "C:\Users\p7016\AppData\Local\Programs\Python\Python310\lib\asyncio\selector_events.py", line 930, in write
    self._fatal_error(exc, 'Fatal write error on socket transport')
  File "C:\Users\p7016\AppData\Local\Programs\Python\Python310\lib\asyncio\selector_events.py", line 725, in _fatal_error
    self._force_close(exc)
  File "C:\Users\p7016\AppData\Local\Programs\Python\Python310\lib\asyncio\selector_events.py", line 737, in _force_close
    self._loop.call_soon(self._call_connection_lost, exc)
  File "C:\Users\p7016\AppData\Local\Programs\Python\Python310\lib\asyncio\base_events.py", line 753, in call_soon
    self._check_closed()
  File "C:\Users\p7016\AppData\Local\Programs\Python\Python310\lib\asyncio\base_events.py", line 515, in _check_closed
    raise RuntimeError('Event loop is closed')
RuntimeError: Event loop is closed
2024-03-12 14:44:46,090:common_utils:INFO:Updated server timestamp: 1710279885370
2024-03-12 14:44:46,359:common_utils:INFO:Updated server timestamp: 1710279885630
2024-03-12 14:49:09,373:common_utils:INFO:Updated server timestamp: 1710280148653
2024-03-12 14:49:09,642:common_utils:INFO:Updated server timestamp: 1710280148919
2024-03-12 14:51:39,847:__main__:ERROR:KeyboardInterrupt received. Exiting...
2024-03-12 14:51:39,873:asyncio:ERROR:Unclosed client session
client_session: <aiohttp.client.ClientSession object at 0x000001AA9F2134F0>
2024-03-12 14:51:39,873:asyncio:ERROR:Unclosed client session
client_session: <aiohttp.client.ClientSession object at 0x000001AA9F211840>
2024-03-12 14:51:39,873:asyncio:ERROR:Unclosed connector
connections: ['[(<aiohttp.client_proto.ResponseHandler object at 0x000001AA9F24C880>, 815274.015)]']
connector: <aiohttp.connector.TCPConnector object at 0x000001AA9F2119C0>
2024-03-12 14:51:43,321:common_utils:INFO:Updated server timestamp: 1710280302583
2024-03-12 14:51:43,589:common_utils:INFO:Updated server timestamp: 1710280302858
2024-03-12 14:51:54,205:binance_update_ads:INFO:Ad: BTC - start price: 1214281.52, ratio: 101.71. Competitor ad - spot: 1, price: 1214162.13, base: 1193866.4, ratio: 101.70000010051376
2024-03-12 14:51:56,826:binance_update_ads:INFO:Ad: BTC - start price: 1231831.36, ratio: 103.18. Competitor ad - spot: 2, price: 1241577.2, base: 1193866.41, ratio: 103.99632568605395
2024-03-12 14:52:06,944:binance_update_ads:INFO:Ad: ETH - start price: 69148.65, ratio: 104.29. Competitor ad - spot: 1, price: 68569.39, base: 66304.2, ratio: 103.4163597479496
2024-03-12 14:53:12,027:binance_update_ads:INFO:Ad: BTC - start price: 1241142.82, ratio: 103.96. Competitor ad - spot: 2, price: 1220316.0, base: 1193865.74, ratio: 102.21551378130678
2024-03-12 14:53:22,203:binance_update_ads:INFO:Ad: ETH - start price: 68541.1, ratio: 103.38. Competitor ad - spot: 1, price: 67982.39, base: 66300.15, ratio: 102.5373094932666
2024-03-12 14:53:28,979:binance_c2c:INFO:Message sent
2024-03-12 14:53:33,991:binance_c2c:INFO:Message sent
2024-03-12 14:53:33,991:binance_c2c:INFO:Message sent
2024-03-12 14:53:37,510:ip_info_io:INFO:Getting IP details for: 189.217.193.67
2024-03-12 14:53:37,888:verify_client_ip:INFO:IP from Country: MX
2024-03-12 14:54:26,340:binance_update_ads:INFO:Ad: BTC - start price: 1213475.6, ratio: 101.66. Competitor ad - spot: 1, price: 1220316.0, base: 1193660.83, ratio: 102.23306062577255
2024-03-12 14:55:40,227:binance_update_ads:INFO:Ad: BTC - start price: 1219230.9, ratio: 102.19. Competitor ad - spot: 1, price: 1220316.0, base: 1193101.97, ratio: 102.2809475371162
2024-03-12 14:55:43,300:binance_update_ads:INFO:Ad: BTC - start price: 1219111.59, ratio: 102.18. Competitor ad - spot: 2, price: 1240860.39, base: 1193101.97, ratio: 104.0028783122368
2024-03-12 14:56:56,815:binance_update_ads:INFO:Ad: BTC - start price: 1219748.97, ratio: 102.24. Competitor ad - spot: 1, price: 1213384.7, base: 1193025.21, ratio: 101.70654315008147
2024-03-12 14:56:59,463:binance_update_ads:INFO:Ad: BTC - start price: 1240269.08, ratio: 103.96. Competitor ad - spot: 2, price: 1220316.0, base: 1193025.28, ratio: 102.28752235660923
2024-03-12 14:58:12,566:binance_update_ads:INFO:Ad: BTC - start price: 1212964.73, ratio: 101.67. Competitor ad - spot: 1, price: 1220316.0, base: 1193040.95, ratio: 102.28617886083458
2024-03-12 14:58:15,476:binance_update_ads:INFO:Ad: BTC - start price: 1219884.37, ratio: 102.25. Competitor ad - spot: 2, price: 1240762.59, base: 1193040.95, ratio: 104.00000016763885
2024-03-12 14:59:11,981:binance_c2c:INFO:Message sent
2024-03-12 14:59:16,701:binance_c2c:INFO:Message sent
2024-03-12 14:59:24,615:binance_c2c:INFO:Message sent
2024-03-12 14:59:28,672:binance_update_ads:INFO:Ad: BTC - start price: 1219814.9, ratio: 102.25. Competitor ad - spot: 1, price: 1213322.64, base: 1192973.01, ratio: 101.70579131542968
2024-03-12 14:59:31,275:binance_update_ads:INFO:Ad: BTC - start price: 1240214.74, ratio: 103.96. Competitor ad - spot: 2, price: 1220316.0, base: 1192973.01, ratio: 102.2920040747611
2024-03-12 14:59:37,106:binance_c2c:INFO:Message sent
2024-03-12 14:59:45,762:binance_bank_deposit:INFO:Amount to deposit: 3000.0
2024-03-12 14:59:45,762:binance_bank_deposit:INFO:Buyer bank condition: AND LOWER(a.account_bank_name) = ?
2024-03-12 14:59:45,776:binance_bank_deposit:INFO:Found 2 suitable accounts for order 20600986735349485568
2024-03-12 14:59:45,776:binance_bank_deposit:INFO:Suitable accounts: [('1532335128', 'BBVA'), ('1593999048', 'BBVA')]
2024-03-12 14:59:45,778:binance_bank_deposit:INFO:Total after deposit for buyer 'MARTINEZ SANCHEZ JAIME' on account 1532335128: 3000.0
2024-03-12 14:59:45,778:binance_bank_deposit:INFO:The deposit does not exceed the buyer's monthly limit of 70000.00.
2024-03-12 14:59:45,791:binance_c2c:INFO:Message sent
2024-03-12 14:59:50,792:binance_c2c:INFO:Message sent
2024-03-12 14:59:55,792:binance_c2c:INFO:Message sent
2024-03-12 15:00:45,440:binance_update_ads:INFO:Ad: BTC - start price: 1218661.03, ratio: 102.25. Competitor ad - spot: 2, price: 1213253.55, base: 1191844.53, ratio: 101.79629301147189
2024-03-12 15:01:59,083:binance_update_ads:INFO:Ad: BTC - start price: 1209736.27, ratio: 101.67. Competitor ad - spot: 1, price: 1213000.0, base: 1189865.52, ratio: 101.94429367110327
2024-03-12 15:02:01,702:binance_update_ads:INFO:Ad: BTC - start price: 1210807.15, ratio: 101.76. Competitor ad - spot: 2, price: 1220316.0, base: 1189865.52, ratio: 102.55915307134877
2024-03-12 15:02:12,307:binance_update_ads:INFO:Ad: ETH - start price: 67853.13, ratio: 102.5. Competitor ad - spot: 1, price: 67773.04, base: 66198.18, ratio: 102.37900800293906
2024-03-12 15:03:16,830:binance_update_ads:INFO:Ad: BTC - start price: 1210882.91, ratio: 101.9. Competitor ad - spot: 1, price: 1208604.23, base: 1188305.11, ratio: 101.70824141284724
2024-03-12 15:03:19,654:binance_update_ads:INFO:Ad: BTC - start price: 1218342.37, ratio: 102.52. Competitor ad - spot: 2, price: 1210093.23, base: 1188394.82, ratio: 101.82585868221807
2024-03-12 15:03:30,759:binance_update_ads:INFO:Ad: ETH - start price: 67720.26, ratio: 102.34. Competitor ad - spot: 1, price: 67812.2, base: 66171.84, ratio: 102.4789396818949
2024-03-12 15:04:35,981:binance_update_ads:INFO:Ad: BTC - start price: 1209976.53, ratio: 101.79. Competitor ad - spot: 2, price: 1213000.0, base: 1188698.82, ratio: 102.04435131852827
2024-03-12 15:05:50,779:binance_update_ads:INFO:Ad: BTC - start price: 1214167.63, ratio: 102.0. Competitor ad - spot: 2, price: 1213000.0, base: 1190360.42, ratio: 101.90190967539058
2024-03-12 15:07:05,142:binance_update_ads:INFO:Ad: BTC - start price: 1215069.51, ratio: 101.86. Competitor ad - spot: 2, price: 1238065.33, base: 1192881.91, ratio: 103.78775297212783
2024-03-12 15:08:19,426:binance_update_ads:INFO:Ad: BTC - start price: 1237065.76, ratio: 103.75. Competitor ad - spot: 2, price: 1220316.0, base: 1192352.54, ratio: 102.34523423751838
2024-03-12 15:08:28,633:binance_c2c:INFO:Message sent
2024-03-12 15:08:33,654:binance_c2c:INFO:Message sent
2024-03-12 15:09:32,419:binance_update_ads:INFO:Ad: BTC - start price: 1211473.75, ratio: 101.67. Competitor ad - spot: 1, price: 1212622.53, base: 1191574.46, ratio: 101.76640828639447
2024-03-12 15:09:34,990:binance_update_ads:INFO:Ad: BTC - start price: 1219099.82, ratio: 102.31. Competitor ad - spot: 2, price: 1213000.0, base: 1191574.45, ratio: 101.79808739604982
2024-03-12 15:10:08,042:binance_c2c:INFO:Message sent
2024-03-12 15:10:13,035:binance_c2c:INFO:Message sent
2024-03-12 15:10:13,035:binance_c2c:INFO:Message sent
2024-03-12 15:10:16,512:ip_info_io:INFO:Getting IP details for: 189.158.90.42
2024-03-12 15:10:16,850:verify_client_ip:INFO:IP from Country: MX
2024-03-12 15:10:29,712:binance_c2c:INFO:Message sent
2024-03-12 15:10:33,687:binance_c2c:INFO:Message sent
2024-03-12 15:10:48,323:binance_c2c:INFO:Message sent
2024-03-12 15:10:48,597:binance_update_ads:INFO:Ad: BTC - start price: 1212791.73, ratio: 101.76. Competitor ad - spot: 2, price: 1220316.0, base: 1191815.77, ratio: 102.39132848527419
2024-03-12 15:11:03,701:binance_c2c:INFO:Message sent
2024-03-12 15:11:03,701:binance_c2c:INFO:Message sent
2024-03-12 15:11:33,270:binance_c2c:INFO:Message sent
2024-03-12 15:11:42,151:binance_bank_deposit:INFO:Amount to deposit: 2184.0
2024-03-12 15:11:42,151:binance_bank_deposit:INFO:Buyer bank condition: AND LOWER(a.account_bank_name) = ?
2024-03-12 15:11:42,157:binance_bank_deposit:INFO:Found 0 suitable accounts for order 20600990924931887104
2024-03-12 15:11:42,157:binance_bank_deposit:INFO:Suitable accounts: []
2024-03-12 15:11:42,157:binance_bank_deposit:INFO:Amount to deposit: 2184.0
2024-03-12 15:11:42,157:binance_bank_deposit:INFO:Buyer bank condition: AND LOWER(a.account_bank_name) NOT LIKE '%bbva%'
2024-03-12 15:11:42,167:binance_bank_deposit:INFO:Found 8 suitable accounts for order 20600990924931887104
2024-03-12 15:11:42,167:binance_bank_deposit:INFO:Suitable accounts: [('646180146006124571', 'STP'), ('646180204200033494', 'STP'), ('710969000016348705', 'Nvio'), ('058597000054265356', 'Banregio'), ('058597000056476091', 'Banregio'), ('710969000007300927', 'Nvio'), ('014761655091416464', 'Santander'), ('710969000015306104', 'Nvio')]
2024-03-12 15:11:42,167:binance_bank_deposit:INFO:Total after deposit for buyer 'LUCIANO PEREZ SANDRA MONSERRATH' on account 646180146006124571: 2184.0
2024-03-12 15:11:42,167:binance_bank_deposit:INFO:The deposit does not exceed the buyer's monthly limit of 70000.00.
2024-03-12 15:11:42,186:binance_c2c:INFO:Message sent
2024-03-12 15:11:47,180:binance_c2c:INFO:Message sent
2024-03-12 15:11:52,195:binance_c2c:INFO:Message sent
2024-03-12 15:13:14,129:binance_update_ads:INFO:Ad: BTC - start price: 1212817.05, ratio: 101.73. Competitor ad - spot: 1, price: 1220316.0, base: 1192192.13, ratio: 102.35900483590679
2024-03-12 15:13:16,852:binance_update_ads:INFO:Ad: BTC - start price: 1220208.64, ratio: 102.35. Competitor ad - spot: 2, price: 1239901.09, base: 1192192.13, ratio: 104.00178451102511
2024-03-12 15:14:29,617:binance_update_ads:INFO:Ad: BTC - start price: 1220449.05, ratio: 102.32. Competitor ad - spot: 1, price: 1213053.84, base: 1192776.63, ratio: 101.700000611179
2024-03-12 15:15:43,561:binance_update_ads:INFO:Ad: BTC - start price: 1214048.27, ratio: 101.66. Competitor ad - spot: 1, price: 1220316.0, base: 1194224.15, ratio: 102.18483690854853
2024-03-12 15:21:43,921:common_utils:INFO:Updated server timestamp: 1710282103210
2024-03-12 15:21:48,998:binance_update_ads:INFO:Ad: BTC - start price: 1220548.49, ratio: 102.14. Competitor ad - spot: 1, price: 1220316.0, base: 1194976.0, ratio: 102.12054468039527
2024-03-12 15:23:03,161:binance_update_ads:INFO:Ad: BTC - start price: 1218921.99, ratio: 102.08. Competitor ad - spot: 1, price: 1215290.59, base: 1194085.02, ratio: 101.77588443409165
2024-03-12 15:24:17,509:binance_update_ads:INFO:Ad: BTC - start price: 1214751.92, ratio: 101.74. Competitor ad - spot: 1, price: 1214274.33, base: 1193976.72, ratio: 101.70000048242147
2024-03-12 15:24:20,262:binance_update_ads:INFO:Ad: BTC - start price: 1241258.2, ratio: 103.96. Competitor ad - spot: 2, price: 1220316.0, base: 1193976.72, ratio: 102.20601286095427
2024-03-12 15:25:07,557:binance_c2c:INFO:Message sent
2024-03-12 15:25:12,565:binance_c2c:INFO:Message sent
2024-03-12 15:25:33,821:binance_update_ads:INFO:Ad: BTC - start price: 1212701.82, ratio: 101.66. Competitor ad - spot: 1, price: 1214274.33, base: 1192899.69, ratio: 101.79182207684204
2024-03-12 15:25:36,632:binance_update_ads:INFO:Ad: BTC - start price: 1218785.61, ratio: 102.17. Competitor ad - spot: 2, price: 1220316.0, base: 1192899.69, ratio: 102.29829131735293
2024-03-12 15:26:49,456:binance_update_ads:INFO:Ad: BTC - start price: 1213748.08, ratio: 101.75. Competitor ad - spot: 1, price: 1213178.98, base: 1192872.81, ratio: 101.70229129457648
2024-03-12 15:28:03,681:binance_update_ads:INFO:Ad: BTC - start price: 1212865.02, ratio: 101.66. Competitor ad - spot: 1, price: 1220316.0, base: 1193060.22, ratio: 102.28452676093751
2024-03-12 15:28:06,314:binance_update_ads:INFO:Ad: BTC - start price: 1220023.38, ratio: 102.26. Competitor ad - spot: 2, price: 1240772.55, base: 1193060.22, ratio: 103.99915521447862
2024-03-12 15:29:19,752:binance_update_ads:INFO:Ad: BTC - start price: 1218938.31, ratio: 102.24. Competitor ad - spot: 1, price: 1213000.0, base: 1192232.31, ratio: 101.74191638876151
2024-03-12 15:29:22,744:binance_update_ads:INFO:Ad: BTC - start price: 1239441.94, ratio: 103.96. Competitor ad - spot: 2, price: 1213342.24, base: 1192229.65, ratio: 101.77084926549176
2024-03-12 15:29:33,277:binance_update_ads:INFO:Ad: ETH - start price: 67927.01, ratio: 102.44. Competitor ad - spot: 1, price: 67904.65, base: 66309.07, ratio: 102.40627715032045
2024-03-12 15:30:38,385:binance_update_ads:INFO:Ad: BTC - start price: 1212603.12, ratio: 101.73. Competitor ad - spot: 2, price: 1220316.0, base: 1191981.83, ratio: 102.37706391883508
2024-03-12 15:30:48,945:binance_update_ads:INFO:Ad: ETH - start price: 67824.93, ratio: 102.37. Competitor ad - spot: 1, price: 67904.65, base: 66254.69, ratio: 102.49032936385332
2024-03-12 15:31:18,585:binance_c2c:INFO:WebSocket connection closed gracefully.
2024-03-12 15:31:52,946:binance_update_ads:INFO:Ad: BTC - start price: 1212000.75, ratio: 101.7. Competitor ad - spot: 1, price: 1212000.75, base: 1191741.15, ratio: 101.70000003775988
2024-03-12 15:33:07,360:binance_update_ads:INFO:Ad: BTC - start price: 1210062.77, ratio: 101.66. Competitor ad - spot: 1, price: 1212000.75, base: 1190303.73, ratio: 101.82281374519427
2024-03-12 15:33:09,993:binance_update_ads:INFO:Ad: BTC - start price: 1219627.9, ratio: 102.34. Competitor ad - spot: 2, price: 1239407.72, base: 1191741.16, ratio: 103.9997410175881
2024-03-12 15:34:22,737:binance_update_ads:INFO:Ad: BTC - start price: 1211722.01, ratio: 101.78. Competitor ad - spot: 1, price: 1210769.59, base: 1190530.57, ratio: 101.70000002603881
2024-03-12 15:34:25,450:binance_update_ads:INFO:Ad: BTC - start price: 1237675.58, ratio: 103.96. Competitor ad - spot: 2, price: 1220316.0, base: 1190530.57, ratio: 102.50186183795347
2024-03-12 15:35:38,869:binance_update_ads:INFO:Ad: BTC - start price: 1210943.03, ratio: 101.66. Competitor ad - spot: 1, price: 1220316.0, base: 1191169.61, ratio: 102.4468715248704
2024-03-12 15:35:41,577:binance_update_ads:INFO:Ad: BTC - start price: 1220472.39, ratio: 102.46. Competitor ad - spot: 2, price: 1238816.55, base: 1191169.62, ratio: 104.00001218969972
2024-03-12 15:36:54,601:binance_update_ads:INFO:Ad: BTC - start price: 1219679.08, ratio: 102.41. Competitor ad - spot: 1, price: 1211419.5, base: 1190976.55, ratio: 101.71648635735102
2024-03-12 15:36:57,249:binance_update_ads:INFO:Ad: BTC - start price: 1238139.38, ratio: 103.96. Competitor ad - spot: 2, price: 1220316.0, base: 1190976.7, ratio: 102.46346549013093
2024-03-12 15:37:07,704:binance_update_ads:INFO:Ad: ETH - start price: 67806.3, ratio: 102.45. Competitor ad - spot: 1, price: 67761.36, base: 66184.77, ratio: 102.38210391907383
2024-03-12 15:38:12,852:binance_update_ads:INFO:Ad: BTC - start price: 1211023.62, ratio: 101.68. Competitor ad - spot: 1, price: 1220316.0, base: 1191014.58, ratio: 102.4602066584273
2024-03-12 15:38:15,650:binance_update_ads:INFO:Ad: BTC - start price: 1219837.13, ratio: 102.42. Competitor ad - spot: 2, price: 1238655.16, base: 1191014.58, ratio: 103.99999973132151
2024-03-12 15:39:29,471:binance_update_ads:INFO:Ad: BTC - start price: 1220326.36, ratio: 102.42. Competitor ad - spot: 1, price: 1220316.0, base: 1191492.25, ratio: 102.41913029648326
2024-03-12 15:40:43,277:binance_update_ads:INFO:Ad: BTC - start price: 1221364.98, ratio: 102.38. Competitor ad - spot: 1, price: 1220316.0, base: 1192972.24, ratio: 102.29207009879795
2024-03-12 15:40:46,053:binance_update_ads:INFO:Ad: BTC - start price: 1238675.34, ratio: 103.96. Competitor ad - spot: 2, price: 1220316.0, base: 1191492.25, ratio: 102.41913029648326
2024-03-12 15:40:53,990:binance_update_ads:INFO:Ad: USDT - start price: 17.39, ratio: 103.53. Competitor ad - spot: 1, price: 17.35, base: 16.8, ratio: 103.27380952380953
2024-03-12 15:42:00,440:binance_update_ads:INFO:Ad: BTC - start price: 1220605.87, ratio: 102.25. Competitor ad - spot: 1, price: 1214040.27, base: 1193746.57, ratio: 101.70000069612766
2024-03-12 15:42:03,129:binance_update_ads:INFO:Ad: BTC - start price: 1222157.74, ratio: 102.38. Competitor ad - spot: 2, price: 1220316.0, base: 1193746.57, ratio: 102.22571780876405
2024-03-12 15:42:14,206:binance_update_ads:INFO:Ad: ETH - start price: 67782.6, ratio: 102.34. Competitor ad - spot: 1, price: 67842.21, base: 66232.75, ratio: 102.4300063035281
2024-03-12 15:43:18,527:binance_update_ads:INFO:Ad: BTC - start price: 1214929.82, ratio: 101.66. Competitor ad - spot: 1, price: 1220316.0, base: 1195091.3, ratio: 102.1106922960614
2024-03-12 15:43:21,297:binance_update_ads:INFO:Ad: BTC - start price: 1221241.61, ratio: 102.19. Competitor ad - spot: 2, price: 1241496.44, base: 1195069.59, ratio: 103.88486581773032
2024-03-12 15:44:35,315:binance_update_ads:INFO:Ad: BTC - start price: 1240931.63, ratio: 103.84. Competitor ad - spot: 2, price: 1242843.7, base: 1195042.02, ratio: 103.99999993305676
2024-03-12 15:45:49,683:binance_update_ads:INFO:Ad: BTC - start price: 1242801.28, ratio: 103.96. Competitor ad - spot: 2, price: 1220316.0, base: 1195461.02, ratio: 102.07911254187107
2024-03-12 15:47:03,807:binance_update_ads:INFO:Ad: BTC - start price: 1220919.81, ratio: 102.04. Competitor ad - spot: 2, price: 1243291.72, base: 1196510.99, ratio: 103.90976183177389
2024-03-12 15:48:17,440:binance_update_ads:INFO:Ad: BTC - start price: 1220826.68, ratio: 102.07. Competitor ad - spot: 1, price: 1216401.23, base: 1196068.07, ratio: 101.70000023493645
2024-03-12 15:48:20,188:binance_update_ads:INFO:Ad: BTC - start price: 1242355.91, ratio: 103.87. Competitor ad - spot: 2, price: 1243908.94, base: 1196068.08, ratio: 103.99984422291413
2024-03-12 15:49:34,452:binance_update_ads:INFO:Ad: BTC - start price: 1242836.52, ratio: 103.96. Competitor ad - spot: 2, price: 1220316.0, base: 1195494.92, ratio: 102.07621793993069
2024-03-12 15:50:48,490:binance_update_ads:INFO:Ad: BTC - start price: 1220991.02, ratio: 102.04. Competitor ad - spot: 2, price: 1243314.72, base: 1196580.77, ratio: 103.90562435664079
2024-03-12 15:50:58,820:binance_update_ads:INFO:Ad: ETH - start price: 67920.99, ratio: 102.39. Competitor ad - spot: 1, price: 68004.15, base: 66335.57, ratio: 102.51536242169922
2024-03-12 15:51:44,267:common_utils:INFO:Updated server timestamp: 1710283903559
2024-03-12 15:52:03,661:binance_update_ads:INFO:Ad: BTC - start price: 1216145.85, ratio: 101.66. Competitor ad - spot: 1, price: 1220316.0, base: 1196287.48, ratio: 102.0085907778622
2024-03-12 15:52:06,396:binance_update_ads:INFO:Ad: BTC - start price: 1242583.8, ratio: 103.87. Competitor ad - spot: 2, price: 1220316.0, base: 1196287.47, ratio: 102.00859163057187
2024-03-12 15:52:16,889:binance_update_ads:INFO:Ad: ETH - start price: 68036.29, ratio: 102.48. Competitor ad - spot: 1, price: 67964.45, base: 66389.82, ratio: 102.37179435039889
2024-03-12 15:53:21,161:binance_update_ads:INFO:Ad: BTC - start price: 1220316.78, ratio: 101.97. Competitor ad - spot: 1, price: 1220316.0, base: 1196740.98, ratio: 101.9699350481004
2024-03-12 15:53:23,848:binance_update_ads:INFO:Ad: BTC - start price: 1220430.99, ratio: 101.97. Competitor ad - spot: 2, price: 1244160.76, base: 1196852.99, ratio: 103.95268010317625
2024-03-12 15:54:37,022:binance_update_ads:INFO:Ad: BTC - start price: 1220098.19, ratio: 101.93. Competitor ad - spot: 1, price: 1217345.1, base: 1196996.16, ratio: 101.7000004411042
2024-03-12 15:54:39,631:binance_update_ads:INFO:Ad: BTC - start price: 1243798.71, ratio: 103.91. Competitor ad - spot: 2, price: 1220316.0, base: 1196996.16, ratio: 101.94819672604464
2024-03-12 15:55:53,844:binance_update_ads:INFO:Ad: BTC - start price: 1218982.22, ratio: 101.91. Competitor ad - spot: 2, price: 1220316.0, base: 1196136.02, ratio: 102.02150755396531
2024-03-12 15:57:17,085:binance_update_ads:INFO:Ad: ETH - start price: 67944.22, ratio: 102.33. Competitor ad - spot: 1, price: 67880.26, base: 66397.17, ratio: 102.23366447696489
2024-03-12 15:58:31,325:binance_update_ads:INFO:Ad: ETH - start price: 67845.37, ratio: 102.19. Competitor ad - spot: 1, price: 67925.66, base: 66391.4, ratio: 102.31093183755729
2024-03-12 15:59:36,455:binance_update_ads:INFO:Ad: BTC - start price: 1219062.07, ratio: 101.98. Competitor ad - spot: 2, price: 1220316.0, base: 1195393.28, ratio: 102.08489711436222
2024-03-12 16:00:50,492:binance_update_ads:INFO:Ad: BTC - start price: 1219844.78, ratio: 102.04. Competitor ad - spot: 2, price: 1243218.49, base: 1195457.45, ratio: 103.99521036905162
2024-03-12 16:00:58,394:binance_update_ads:INFO:Ad: USDT - start price: 17.39, ratio: 103.23. Competitor ad - spot: 1, price: 17.35, base: 16.85, ratio: 102.9673590504451
2024-03-12 16:02:04,936:binance_update_ads:INFO:Ad: BTC - start price: 1215065.64, ratio: 101.66. Competitor ad - spot: 1, price: 1220316.0, base: 1195224.91, ratio: 102.09927769996025
2024-03-12 16:02:07,703:binance_update_ads:INFO:Ad: BTC - start price: 1242555.81, ratio: 103.96. Competitor ad - spot: 2, price: 1220316.0, base: 1195224.9, ratio: 102.09927855418674
2024-03-12 16:02:15,762:binance_update_ads:INFO:Ad: USDT - start price: 17.29, ratio: 102.93. Competitor ad - spot: 1, price: 17.35, base: 16.8, ratio: 103.27380952380953
2024-03-12 16:02:58,151:binance_c2c:INFO:Message sent
2024-03-12 16:03:03,148:binance_c2c:INFO:Message sent
2024-03-12 16:03:03,148:binance_c2c:INFO:Message sent
2024-03-12 16:03:06,615:googleapiclient.discovery_cache:INFO:file_cache is only supported with oauth2client<4.0.0
2024-03-12 16:03:07,957:ip_info_io:INFO:Getting IP details for: 201.175.217.91
2024-03-12 16:03:08,426:verify_client_ip:INFO:IP from Country: MX
2024-03-12 16:03:22,236:binance_update_ads:INFO:Ad: BTC - start price: 1219296.8, ratio: 102.06. Competitor ad - spot: 1, price: 1215000.0, base: 1194686.26, ratio: 101.70034097487653
2024-03-12 16:03:24,911:binance_update_ads:INFO:Ad: BTC - start price: 1219292.54, ratio: 102.06. Competitor ad - spot: 2, price: 1215543.73, base: 1194682.09, ratio: 101.74620848296134
2024-03-12 16:03:35,118:binance_update_ads:INFO:Ad: ETH - start price: 67860.66, ratio: 102.27. Competitor ad - spot: 1, price: 67828.63, base: 66354.41, ratio: 102.22173627947262
2024-03-12 16:03:45,978:binance_c2c:INFO:Message sent
2024-03-12 16:03:55,221:binance_c2c:INFO:Message sent
2024-03-12 16:04:13,908:binance_c2c:INFO:Message sent
2024-03-12 16:04:40,374:binance_update_ads:INFO:Ad: BTC - start price: 1215187.3, ratio: 101.71. Competitor ad - spot: 2, price: 1242547.23, base: 1194756.96, ratio: 103.99999929692814
2024-03-12 16:04:44,807:binance_c2c:INFO:Message sent
2024-03-12 16:04:50,260:binance_bank_deposit:INFO:Amount to deposit: 14000.0
2024-03-12 16:04:50,260:binance_bank_deposit:INFO:Buyer bank condition: AND LOWER(a.account_bank_name) = ?
2024-03-12 16:04:50,271:binance_bank_deposit:INFO:Found 2 suitable accounts for order 20601004221396209664
2024-03-12 16:04:50,271:binance_bank_deposit:INFO:Suitable accounts: [('1532335128', 'BBVA'), ('1593999048', 'BBVA')]
2024-03-12 16:04:50,277:binance_bank_deposit:INFO:Total after deposit for buyer 'PEREZ ROBLES MOISES ALLAN' on account 1532335128: 14000.0
2024-03-12 16:04:50,277:binance_bank_deposit:INFO:The deposit does not exceed the buyer's monthly limit of 70000.00.
2024-03-12 16:04:50,289:binance_c2c:INFO:Message sent
2024-03-12 16:04:50,852:binance_update_ads:INFO:Ad: ETH - start price: 67715.35, ratio: 102.18. Competitor ad - spot: 1, price: 67828.63, base: 66270.65, ratio: 102.35093514248013
2024-03-12 16:04:55,297:binance_c2c:INFO:Message sent
2024-03-12 16:05:00,316:binance_c2c:INFO:Message sent
2024-03-12 16:05:56,078:binance_update_ads:INFO:Ad: BTC - start price: 1242372.13, ratio: 103.96. Competitor ad - spot: 2, price: 1220316.0, base: 1195048.22, ratio: 102.1143732593485
2024-03-12 16:07:09,931:binance_update_ads:INFO:Ad: BTC - start price: 1220126.67, ratio: 102.07. Competitor ad - spot: 2, price: 1242856.99, base: 1195382.26, ratio: 103.97151033511238
2024-03-12 16:07:32,952:binance_c2c:INFO:Message sent
2024-03-12 16:07:37,946:binance_c2c:INFO:Message sent
2024-03-12 16:08:09,860:binance_c2c:INFO:Message sent
2024-03-12 16:08:23,055:binance_update_ads:INFO:Ad: BTC - start price: 1215088.98, ratio: 101.66. Competitor ad - spot: 1, price: 1220316.0, base: 1195247.87, ratio: 102.09731643361974
2024-03-12 16:09:46,874:binance_update_ads:INFO:Ad: ETH - start price: 67849.42, ratio: 102.31. Competitor ad - spot: 1, price: 67849.42, base: 66317.49, ratio: 102.30999393975857
2024-03-12 16:10:20,671:binance_c2c:INFO:Message sent
2024-03-12 16:10:27,533:binance_orders:INFO:Missing balance for ETH: 0.20690056999999995
2024-03-12 16:10:27,786:binance_wallets:INFO:Order successfully placed: {'symbol': 'ETHUSDT', 'orderId': 16530879782, 'orderListId': -1, 'clientOrderId': 'EH28DwtBAFCB2Ctc5lj3nW', 'transactTime': 1710285027083, 'price': '0.00000000', 'origQty': '0.20690000', 'executedQty': '0.20690000', 'cummulativeQuoteQty': '815.88946000', 'status': 'FILLED', 'timeInForce': 'GTC', 'type': 'MARKET', 'side': 'BUY', 'workingTime': 1710285027083, 'fills': [{'price': '3943.40000000', 'qty': '0.20690000', 'commission': '0.00020690', 'commissionAsset': 'ETH', 'tradeId': 1346803992}], 'selfTradePreventionMode': 'EXPIRE_MAKER'}
2024-03-12 16:10:50,785:binance_update_ads:INFO:Ad: BTC - start price: 1220133.23, ratio: 102.06. Competitor ad - spot: 1, price: 1215829.41, base: 1195505.81, ratio: 101.70000010288531
2024-03-12 16:10:53,542:binance_update_ads:INFO:Ad: BTC - start price: 1242489.19, ratio: 103.93. Competitor ad - spot: 2, price: 1220316.0, base: 1195505.81, ratio: 102.0752881159147
2024-03-12 16:13:28,162:binance_update_ads:INFO:Ad: ETH - start price: 67815.44, ratio: 102.27. Competitor ad - spot: 1, price: 67768.03, base: 66310.2, ratio: 102.1985003815401
2024-03-12 16:14:32,570:binance_update_ads:INFO:Ad: BTC - start price: 1213846.83, ratio: 101.66. Competitor ad - spot: 1, price: 1215000.0, base: 1194026.0, ratio: 101.75657816496457
2024-03-12 16:14:35,204:binance_update_ads:INFO:Ad: BTC - start price: 1218384.13, ratio: 102.04. Competitor ad - spot: 2, price: 1220316.0, base: 1194026.0, ratio: 102.20179460078758
2024-03-12 16:14:44,993:binance_update_ads:INFO:Ad: ETH - start price: 67668.29, ratio: 102.16. Competitor ad - spot: 1, price: 67768.03, base: 66237.56, ratio: 102.31057726160202
2024-03-12 16:15:49,166:binance_update_ads:INFO:Ad: BTC - start price: 1215328.13, ratio: 101.72. Competitor ad - spot: 1, price: 1220316.0, base: 1194777.95, ratio: 102.13747249018112
2024-03-12 16:15:51,827:binance_update_ads:INFO:Ad: BTC - start price: 1220585.15, ratio: 102.16. Competitor ad - spot: 2, price: 1239909.58, base: 1194777.95, ratio: 103.77740734167385
2024-03-12 16:16:24,546:binance_merchant_handler:INFO:Order 20601007604211417088 uses payment method (OXXO or Skrill).
2024-03-12 16:17:04,411:binance_update_ads:INFO:Ad: BTC - start price: 1221051.02, ratio: 102.1. Competitor ad - spot: 1, price: 1220316.0, base: 1195936.36, ratio: 102.03853991026746
2024-03-12 16:17:07,212:binance_update_ads:INFO:Ad: BTC - start price: 1240609.67, ratio: 103.74. Competitor ad - spot: 2, price: 1239909.58, base: 1195883.62, ratio: 103.6814585686858
2024-03-12 16:17:11,091:binance_merchant_handler:INFO:Order 20601007604211417088 uses payment method (OXXO or Skrill).
2024-03-12 16:19:31,591:binance_update_ads:INFO:Ad: BTC - start price: 1221073.53, ratio: 102.0. Competitor ad - spot: 1, price: 1220316.0, base: 1197130.91, ratio: 101.93672135656409
2024-03-12 16:19:34,195:binance_update_ads:INFO:Ad: BTC - start price: 1240706.48, ratio: 103.64. Competitor ad - spot: 2, price: 1239909.58, base: 1197130.91, ratio: 103.57343291720704
2024-03-12 16:20:21,441:binance_merchant_handler:INFO:Order 20601007604211417088 uses payment method (OXXO or Skrill).
2024-03-12 16:20:46,865:binance_update_ads:INFO:Ad: BTC - start price: 1221485.52, ratio: 101.9. Competitor ad - spot: 1, price: 1220316.0, base: 1198710.03, ratio: 101.80243507264221
2024-03-12 16:20:49,470:binance_update_ads:INFO:Ad: BTC - start price: 1241188.17, ratio: 103.53. Competitor ad - spot: 2, price: 1239909.58, base: 1198868.13, ratio: 103.42334982246966
2024-03-12 16:21:44,611:common_utils:INFO:Updated server timestamp: 1710285703909
2024-03-12 16:22:01,865:binance_update_ads:INFO:Ad: BTC - start price: 1219583.88, ratio: 101.76. Competitor ad - spot: 1, price: 1218864.79, base: 1198490.45, ratio: 101.70000019608001
2024-03-12 16:22:04,519:binance_update_ads:INFO:Ad: BTC - start price: 1238999.42, ratio: 103.38. Competitor ad - spot: 2, price: 1220316.0, base: 1198490.44, ratio: 101.82108753408163
2024-03-12 16:23:26,911:binance_update_ads:INFO:Ad: ETH - start price: 68017.95, ratio: 102.27. Competitor ad - spot: 1, price: 68097.65, base: 66508.21, ratio: 102.38984029189777
2024-03-12 16:23:33,188:binance_merchant_handler:INFO:Order 20601007604211417088 uses payment method (OXXO or Skrill).
2024-03-12 16:24:32,057:binance_update_ads:INFO:Ad: BTC - start price: 1219770.47, ratio: 101.78. Competitor ad - spot: 2, price: 1239909.58, base: 1198438.27, ratio: 103.46044606869907
2024-03-12 16:24:41,966:binance_update_ads:INFO:Ad: ETH - start price: 68123.95, ratio: 102.35. Competitor ad - spot: 1, price: 68097.65, base: 66559.79, ratio: 102.31049406856603
2024-03-12 16:25:46,220:binance_update_ads:INFO:Ad: BTC - start price: 1218465.16, ratio: 101.66. Competitor ad - spot: 1, price: 1220316.0, base: 1198568.92, ratio: 101.81442048405526
2024-03-12 16:27:56,974:binance_merchant_handler:INFO:Order 20601007604211417088 uses payment method (OXXO or Skrill).
2024-03-12 16:27:57,510:binance_merchant_handler:INFO:Order 20601007604211417088 uses payment method (OXXO or Skrill).
2024-03-12 16:28:13,123:binance_update_ads:INFO:Ad: BTC - start price: 1220889.66, ratio: 101.77. Competitor ad - spot: 1, price: 1220049.9, base: 1199655.75, ratio: 101.70000018755381
2024-03-12 16:28:15,984:binance_update_ads:INFO:Ad: BTC - start price: 1240683.98, ratio: 103.42. Competitor ad - spot: 2, price: 1220316.0, base: 1199655.75, ratio: 101.72218155083239
2024-03-12 16:28:17,805:binance_merchant_handler:INFO:Order 20601007604211417088 uses payment method (OXXO or Skrill).
2024-03-12 16:28:17,915:binance_merchant_handler:INFO:Order 20601007604211417088 uses payment method (OXXO or Skrill).
2024-03-12 16:28:49,550:binance_merchant_handler:INFO:Order 20601007604211417088 uses payment method (OXXO or Skrill).
2024-03-12 16:28:49,844:binance_merchant_handler:INFO:Order 20601007604211417088 uses payment method (OXXO or Skrill).
2024-03-12 16:29:28,592:binance_update_ads:INFO:Ad: BTC - start price: 1220044.17, ratio: 101.66. Competitor ad - spot: 1, price: 1239909.58, base: 1200122.14, ratio: 103.31528255949016
2024-03-12 16:29:31,320:binance_update_ads:INFO:Ad: BTC - start price: 1220284.19, ratio: 101.68. Competitor ad - spot: 2, price: 1248127.02, base: 1200122.14, ratio: 103.99999953338084
2024-03-12 16:31:57,058:binance_update_ads:INFO:Ad: BTC - start price: 1240388.82, ratio: 103.28. Competitor ad - spot: 1, price: 1239909.58, base: 1200996.15, ratio: 103.24009614851806
2024-03-12 16:33:10,976:binance_update_ads:INFO:Ad: BTC - start price: 1238578.65, ratio: 103.2. Competitor ad - spot: 1, price: 1221413.08, base: 1200173.11, ratio: 101.7697421999398
2024-03-12 16:34:18,185:binance_merchant_handler:INFO:Order 20601007604211417088 uses payment method (OXXO or Skrill).
2024-03-12 16:34:18,703:binance_merchant_handler:INFO:Order 20601007604211417088 uses payment method (OXXO or Skrill).
2024-03-12 16:34:24,565:binance_update_ads:INFO:Ad: BTC - start price: 1221300.25, ratio: 101.73. Competitor ad - spot: 1, price: 1220940.09, base: 1200531.06, ratio: 101.70000016492702
2024-03-12 16:34:27,196:binance_update_ads:INFO:Ad: BTC - start price: 1248072.09, ratio: 103.96. Competitor ad - spot: 2, price: 1239909.58, base: 1200531.06, ratio: 103.28009172873878
2024-03-12 16:34:29,628:binance_merchant_handler:INFO:Order 20601007604211417088 uses payment method (OXXO or Skrill).
2024-03-12 16:34:29,991:binance_merchant_handler:INFO:Order 20601007604211417088 uses payment method (OXXO or Skrill).
2024-03-12 16:35:40,064:binance_update_ads:INFO:Ad: BTC - start price: 1221346.16, ratio: 101.66. Competitor ad - spot: 1, price: 1239909.58, base: 1201402.87, ratio: 103.20514549794608
2024-03-12 16:35:42,844:binance_update_ads:INFO:Ad: BTC - start price: 1240328.33, ratio: 103.24. Competitor ad - spot: 2, price: 1249464.51, base: 1201402.88, ratio: 104.00045903002997
2024-03-12 16:36:55,472:binance_update_ads:INFO:Ad: BTC - start price: 1238394.69, ratio: 103.17. Competitor ad - spot: 1, price: 1221826.72, base: 1200343.79, ratio: 101.78973142352825
2024-03-12 16:36:58,199:binance_update_ads:INFO:Ad: BTC - start price: 1248239.86, ratio: 103.96. Competitor ad - spot: 2, price: 1239909.58, base: 1200692.44, ratio: 103.26621028779029
2024-03-12 16:38:10,993:binance_update_ads:INFO:Ad: BTC - start price: 1221434.27, ratio: 101.75. Competitor ad - spot: 1, price: 1239909.58, base: 1200426.8, ratio: 103.28906185699952
2024-03-12 16:39:24,800:binance_update_ads:INFO:Ad: BTC - start price: 1240021.75, ratio: 103.25. Competitor ad - spot: 1, price: 1239909.58, base: 1200989.59, ratio: 103.24066006267381
2024-03-12 16:40:02,350:binance_merchant_handler:INFO:Order 20601007604211417088 uses payment method (OXXO or Skrill).
2024-03-12 16:40:02,978:binance_merchant_handler:INFO:Order 20601007604211417088 uses payment method (OXXO or Skrill).
2024-03-12 16:40:07,553:binance_merchant_handler:INFO:Order 20601007604211417088 uses payment method (OXXO or Skrill).
2024-03-12 16:40:08,055:binance_merchant_handler:INFO:Order 20601007604211417088 uses payment method (OXXO or Skrill).
2024-03-12 16:40:34,473:binance_merchant_handler:INFO:Order 20601007604211417088 uses payment method (OXXO or Skrill).
2024-03-12 16:40:37,386:binance_c2c:INFO:Message sent
2024-03-12 16:40:38,468:binance_update_ads:INFO:Ad: BTC - start price: 1239402.04, ratio: 103.2. Competitor ad - spot: 1, price: 1221387.48, base: 1200970.97, ratio: 101.70000029226351
2024-03-12 16:40:41,398:binance_update_ads:INFO:Ad: BTC - start price: 1239762.34, ratio: 103.23. Competitor ad - spot: 2, price: 1248994.02, base: 1200970.98, ratio: 103.99868446446558
2024-03-12 16:40:42,397:binance_c2c:INFO:Message sent
2024-03-12 16:40:42,397:binance_c2c:INFO:Message sent
2024-03-12 16:40:46,334:fetch_outlook:WARNING:Token expires in: 2024-03-12 17:40:46.334362
2024-03-12 16:40:46,897:ip_info_io:INFO:Getting IP details for: 187.209.80.126
2024-03-12 16:40:47,275:verify_client_ip:INFO:IP from Country: MX
2024-03-12 16:41:49,595:binance_merchant_handler:INFO:Order 20601014001267793920 uses payment method (OXXO or Skrill).
2024-03-12 16:41:54,439:binance_update_ads:INFO:Ad: BTC - start price: 1219939.25, ratio: 101.66. Competitor ad - spot: 1, price: 1239909.58, base: 1200018.94, ratio: 103.32416753355578
2024-03-12 16:42:03,970:binance_merchant_handler:INFO:Order 20601014061629050880 uses payment method (OXXO or Skrill).
2024-03-12 16:43:07,973:binance_update_ads:INFO:Ad: BTC - start price: 1238946.32, ratio: 103.28. Competitor ad - spot: 1, price: 1220316.0, base: 1199599.46, ratio: 101.72695476205034
2024-03-12 16:44:22,839:binance_update_ads:INFO:Ad: BTC - start price: 1246865.64, ratio: 103.96. Competitor ad - spot: 2, price: 1220000.0, base: 1199370.57, ratio: 101.72002136087097
2024-03-12 16:44:39,621:binance_c2c:INFO:Message sent
2024-03-12 16:44:49,362:binance_c2c:INFO:Message sent
2024-03-12 16:45:07,488:binance_merchant_handler:INFO:Order 20601014001267793920 uses payment method (OXXO or Skrill).
2024-03-12 16:45:17,408:binance_merchant_handler:INFO:Order 20601014001267793920 uses payment method (OXXO or Skrill).
2024-03-12 16:45:35,413:binance_update_ads:INFO:Ad: BTC - start price: 1220232.79, ratio: 101.69. Competitor ad - spot: 1, price: 1239909.58, base: 1199953.57, ratio: 103.32979633536988
2024-03-12 16:45:38,096:binance_update_ads:INFO:Ad: BTC - start price: 1220112.8, ratio: 101.68. Competitor ad - spot: 2, price: 1247950.79, base: 1199953.58, ratio: 103.99992223032496
2024-03-12 16:45:48,545:binance_update_ads:INFO:Ad: ETH - start price: 68284.03, ratio: 102.27. Competitor ad - spot: 1, price: 70474.03, base: 66768.39, ratio: 105.54999154540046
2024-03-12 16:45:51,982:binance_c2c:INFO:Message sent
2024-03-12 16:45:56,979:binance_c2c:INFO:Message sent
2024-03-12 16:46:44,469:binance_merchant_handler:INFO:Order 20601015237544452096 uses payment method (OXXO or Skrill).
2024-03-12 16:46:52,500:binance_update_ads:INFO:Ad: BTC - start price: 1239234.51, ratio: 103.29. Competitor ad - spot: 1, price: 1220316.0, base: 1199762.33, ratio: 101.71314513600372
2024-03-12 16:46:55,151:binance_update_ads:INFO:Ad: BTC - start price: 1247261.08, ratio: 103.96. Competitor ad - spot: 2, price: 1220352.79, base: 1199750.94, ratio: 101.71717723346814
2024-03-12 16:48:09,048:binance_update_ads:INFO:Ad: BTC - start price: 1220606.06, ratio: 101.68. Competitor ad - spot: 2, price: 1239909.58, base: 1200438.69, ratio: 103.2880388085459
2024-03-12 16:48:31,747:binance_merchant_handler:INFO:Order 20601015237544452096 uses payment method (OXXO or Skrill).
2024-03-12 16:49:22,480:binance_update_ads:INFO:Ad: BTC - start price: 1238779.96, ratio: 103.25. Competitor ad - spot: 2, price: 1220846.15, base: 1199786.89, ratio: 101.75525005111533
2024-03-12 16:49:32,642:binance_update_ads:INFO:Ad: ETH - start price: 70483.94, ratio: 105.51. Competitor ad - spot: 1, price: 70444.64, base: 66803.09, ratio: 105.45116999827404
2024-03-12 16:49:37,899:binance_merchant_handler:INFO:Order 20601015237544452096 uses payment method (OXXO or Skrill).
2024-03-12 16:50:06,682:binance_merchant_handler:INFO:Order 20601014001267793920 uses payment method (OXXO or Skrill).
2024-03-12 16:50:18,341:binance_merchant_handler:INFO:Order 20601014001267793920 uses payment method (OXXO or Skrill).
2024-03-12 16:50:18,354:binance_merchant_handler:INFO:Order 20601014001267793920 uses payment method (OXXO or Skrill).
2024-03-12 16:50:33,964:binance_merchant_handler:INFO:Order 20601014001267793920 uses payment method (OXXO or Skrill).
2024-03-12 16:50:34,530:binance_merchant_handler:INFO:Order 20601014001267793920 uses payment method (OXXO or Skrill).
2024-03-12 16:50:37,927:binance_update_ads:INFO:Ad: BTC - start price: 1220429.17, ratio: 101.72. Competitor ad - spot: 2, price: 1220316.0, base: 1199792.73, ratio: 101.71056795785051
2024-03-12 16:50:47,881:binance_update_ads:INFO:Ad: ETH - start price: 70351.2, ratio: 105.41. Competitor ad - spot: 1, price: 70444.64, base: 66740.54, ratio: 105.55000004495021
2024-03-12 16:51:45,066:common_utils:INFO:Updated server timestamp: 1710287504274
2024-03-12 16:51:53,285:binance_update_ads:INFO:Ad: BTC - start price: 1220575.17, ratio: 101.67. Competitor ad - spot: 2, price: 1239909.58, base: 1200526.38, ratio: 103.28049434448914
2024-03-12 16:53:39,459:binance_merchant_handler:INFO:Order 20601014001267793920 uses payment method (OXXO or Skrill).
2024-03-12 16:54:18,373:binance_update_ads:INFO:Ad: BTC - start price: 1220935.38, ratio: 101.67. Competitor ad - spot: 1, price: 1239909.58, base: 1200880.67, ratio: 103.25002400113578
2024-03-12 16:54:21,167:binance_update_ads:INFO:Ad: BTC - start price: 1239789.21, ratio: 103.24. Competitor ad - spot: 2, price: 1248913.88, base: 1200880.68, ratio: 103.99983119055591
2024-03-12 16:54:42,320:verify_client_ip:WARNING:Attempt 1: Could not fetch the IP. Retrying...
2024-03-12 16:54:45,814:verify_client_ip:WARNING:Attempt 2: Could not fetch the IP. Retrying...
2024-03-12 16:54:49,275:ip_info_io:INFO:Getting IP details for: 189.217.73.56
2024-03-12 16:54:49,619:verify_client_ip:INFO:IP from Country: MX
2024-03-12 16:54:49,627:binance_bank_deposit:INFO:Amount to deposit: 5000.0
2024-03-12 16:54:49,627:binance_bank_deposit:INFO:Buyer bank condition: AND LOWER(a.account_bank_name) NOT LIKE '%bbva%'
2024-03-12 16:54:49,635:binance_bank_deposit:INFO:Found 7 suitable accounts for order 20601017227682582528
2024-03-12 16:54:49,635:binance_bank_deposit:INFO:Suitable accounts: [('646180146006124571', 'STP'), ('710969000016348705', 'Nvio'), ('058597000054265356', 'Banregio'), ('058597000056476091', 'Banregio'), ('710969000007300927', 'Nvio'), ('014761655091416464', 'Santander'), ('710969000015306104', 'Nvio')]
2024-03-12 16:54:49,635:binance_bank_deposit:INFO:Total after deposit for buyer 'DE ANDA PINEDA ANGEL ISAAC' on account 646180146006124571: 5000.0
2024-03-12 16:54:49,635:binance_bank_deposit:INFO:The deposit does not exceed the buyer's monthly limit of 70000.00.
2024-03-12 16:54:49,659:binance_c2c:INFO:Message sent
2024-03-12 16:54:54,667:binance_c2c:INFO:Message sent
2024-03-12 16:54:59,677:binance_c2c:INFO:Message sent
2024-03-12 16:55:04,687:binance_merchant_handler:INFO:Order 20601015237544452096 uses payment method (OXXO or Skrill).
2024-03-12 16:55:04,703:binance_merchant_handler:INFO:Order 20601014061629050880 uses payment method (OXXO or Skrill).
2024-03-12 16:55:04,707:binance_merchant_handler:INFO:Order 20601015237544452096 uses payment method (OXXO or Skrill).
2024-03-12 16:55:04,719:binance_merchant_handler:INFO:Order 20601015237544452096 uses payment method (OXXO or Skrill).
2024-03-12 16:55:33,659:binance_update_ads:INFO:Ad: BTC - start price: 1239350.54, ratio: 103.21. Competitor ad - spot: 1, price: 1221295.64, base: 1200804.71, ratio: 101.70643318012968
2024-03-12 16:55:36,466:binance_update_ads:INFO:Ad: BTC - start price: 1248356.57, ratio: 103.96. Competitor ad - spot: 2, price: 1239909.58, base: 1200804.7, ratio: 103.25655620768308
2024-03-12 16:56:09,079:binance_merchant_handler:INFO:Order 20601015237544452096 uses payment method (OXXO or Skrill).
2024-03-12 16:56:09,083:binance_merchant_handler:INFO:Order 20601015237544452096 uses payment method (OXXO or Skrill).
2024-03-12 16:56:22,506:binance_merchant_handler:INFO:Order 20601015237544452096 uses payment method (OXXO or Skrill).
2024-03-12 16:57:05,303:binance_merchant_handler:INFO:Order 20601014061629050880 uses payment method (OXXO or Skrill).
2024-03-12 16:57:05,913:binance_merchant_handler:INFO:Order 20601014061629050880 uses payment method (OXXO or Skrill).
2024-03-12 16:58:48,147:binance_c2c:INFO:Message sent
2024-03-12 16:58:57,417:binance_c2c:INFO:Message sent
2024-03-12 16:59:02,423:binance_c2c:INFO:Message sent
2024-03-12 16:59:11,861:binance_c2c:INFO:Message sent
2024-03-12 17:01:46,720:binance_update_ads:INFO:Ad: ETH - start price: 70529.38, ratio: 105.51. Competitor ad - spot: 1, price: 70613.92, base: 66846.16, ratio: 105.63646438329441
2024-03-12 17:03:01,303:binance_update_ads:INFO:Ad: ETH - start price: 70647.37, ratio: 105.6. Competitor ad - spot: 1, price: 70613.92, base: 66900.92, ratio: 105.54999841556739
2024-03-12 17:04:06,808:binance_update_ads:INFO:Ad: BTC - start price: 1238390.27, ratio: 103.22. Competitor ad - spot: 2, price: 1220300.0, base: 1199758.06, ratio: 101.71217353605442
2024-03-12 17:05:04,572:binance_c2c:INFO:Message sent
2024-03-12 17:05:09,585:binance_c2c:INFO:Message sent
2024-03-12 17:05:09,585:binance_c2c:INFO:Message sent
2024-03-12 17:05:13,022:googleapiclient.discovery_cache:INFO:file_cache is only supported with oauth2client<4.0.0
2024-03-12 17:05:18,019:ip_info_io:INFO:Getting IP details for: 189.201.10.8
2024-03-12 17:05:18,430:verify_client_ip:INFO:IP from Country: MX
2024-03-12 17:05:29,234:binance_update_ads:INFO:Ad: ETH - start price: 70505.11, ratio: 105.51. Competitor ad - spot: 1, price: 70480.87, base: 66823.15, ratio: 105.47373178307218
2024-03-12 17:05:44,705:binance_c2c:INFO:Message sent
2024-03-12 17:05:49,309:binance_c2c:INFO:Message sent
2024-03-12 17:05:56,795:binance_c2c:INFO:Message sent
2024-03-12 17:06:04,023:binance_c2c:INFO:Message sent
2024-03-12 17:06:09,742:binance_bank_deposit:INFO:Amount to deposit: 9000.0
2024-03-12 17:06:09,742:binance_bank_deposit:INFO:Buyer bank condition: AND LOWER(a.account_bank_name) = ?
2024-03-12 17:06:09,752:binance_bank_deposit:INFO:Found 2 suitable accounts for order 20601019851089711104
2024-03-12 17:06:09,752:binance_bank_deposit:INFO:Suitable accounts: [('1532335128', 'BBVA'), ('1593999048', 'BBVA')]
2024-03-12 17:06:09,758:binance_bank_deposit:INFO:Total after deposit for buyer 'IBARRA GOMEZ DANIEL' on account 1532335128: 9000.0
2024-03-12 17:06:09,758:binance_bank_deposit:INFO:The deposit does not exceed the buyer's monthly limit of 70000.00.
2024-03-12 17:06:09,775:binance_c2c:INFO:Message sent
2024-03-12 17:06:14,775:binance_c2c:INFO:Message sent
2024-03-12 17:06:19,786:binance_c2c:INFO:Message sent
2024-03-12 17:06:42,993:binance_update_ads:INFO:Ad: ETH - start price: 70400.74, ratio: 105.43. Competitor ad - spot: 1, price: 70480.87, base: 66774.86, ratio: 105.55000789219176
2024-03-12 17:07:39,677:binance_c2c:INFO:Message sent
2024-03-12 17:07:48,182:binance_update_ads:INFO:Ad: BTC - start price: 1219727.75, ratio: 101.67. Competitor ad - spot: 2, price: 1239909.58, base: 1199692.88, ratio: 103.35224961908587
2024-03-12 17:07:54,766:binance_c2c:INFO:Message sent
2024-03-12 17:08:02,133:binance_orders:INFO:Missing balance for BTC: 0.00400550999999999
2024-03-12 17:08:02,421:binance_wallets:INFO:Order successfully placed: {'symbol': 'BTCUSDT', 'orderId': 25584671351, 'orderListId': -1, 'clientOrderId': 'lassxmMu2rxNnJ12Sgg60W', 'transactTime': 1710288481730, 'price': '0.00000000', 'origQty': '0.00400000', 'executedQty': '0.00400000', 'cummulativeQuoteQty': '286.40000000', 'status': 'FILLED', 'timeInForce': 'GTC', 'type': 'MARKET', 'side': 'BUY', 'workingTime': 1710288481730, 'fills': [{'price': '71600.00000000', 'qty': '0.00400000', 'commission': '0.00000400', 'commissionAsset': 'BTC', 'tradeId': 3478418067}], 'selfTradePreventionMode': 'EXPIRE_MAKER'}
2024-03-12 17:09:01,435:binance_update_ads:INFO:Ad: BTC - start price: 1242430.65, ratio: 103.31. Competitor ad - spot: 2, price: 1247669.37, base: 1202623.8, ratio: 103.7456077287012
2024-03-12 17:10:06,832:binance_c2c:INFO:Message sent
2024-03-12 17:10:11,834:binance_c2c:INFO:Message sent
2024-03-12 17:10:13,615:binance_update_ads:INFO:Ad: BTC - start price: 1222973.27, ratio: 101.67. Competitor ad - spot: 1, price: 1239909.58, base: 1202885.09, ratio: 103.07797397339091
2024-03-12 17:10:16,368:binance_update_ads:INFO:Ad: BTC - start price: 1247512.12, ratio: 103.71. Competitor ad - spot: 2, price: 1239909.58, base: 1202885.08, ratio: 103.0779748303138
2024-03-12 17:11:28,956:binance_update_ads:INFO:Ad: BTC - start price: 1238709.45, ratio: 103.04. Competitor ad - spot: 1, price: 1223334.13, base: 1202163.67, ratio: 101.76102976061487
2024-03-12 17:11:40,261:binance_update_ads:INFO:Ad: ETH - start price: 70754.88, ratio: 105.51. Competitor ad - spot: 1, price: 70816.71, base: 67059.88, ratio: 105.60220209162318
2024-03-12 17:11:42,123:binance_c2c:INFO:Message sent
2024-03-12 17:12:44,342:binance_update_ads:INFO:Ad: BTC - start price: 1223026.11, ratio: 101.72. Competitor ad - spot: 1, price: 1222785.64, base: 1202345.76, ratio: 101.70000017299516
2024-03-12 17:12:46,952:binance_update_ads:INFO:Ad: BTC - start price: 1238897.08, ratio: 103.04. Competitor ad - spot: 2, price: 1250439.59, base: 1202345.77, ratio: 103.9999991017559
2024-03-12 17:12:57,037:binance_update_ads:INFO:Ad: ETH - start price: 70823.42, ratio: 105.56. Competitor ad - spot: 1, price: 70816.71, base: 67093.05, ratio: 105.54999362825211
2024-03-12 17:13:02,346:binance_c2c:INFO:Message sent
2024-03-12 17:13:07,359:binance_c2c:INFO:Message sent
2024-03-12 17:13:07,359:binance_c2c:INFO:Message sent
2024-03-12 17:13:10,899:verify_client_ip:WARNING:Attempt 1: Could not fetch the IP. Retrying...
2024-03-12 17:13:14,344:ip_info_io:INFO:Getting IP details for: 200.68.162.164
2024-03-12 17:13:14,674:verify_client_ip:INFO:IP from Country: MX
2024-03-12 17:13:52,642:verify_client_ip:WARNING:Attempt 1: Could not fetch the IP. Retrying...
2024-03-12 17:13:56,074:verify_client_ip:WARNING:Attempt 2: Could not fetch the IP. Retrying...
2024-03-12 17:13:59,633:ip_info_io:INFO:Getting IP details for: 189.201.10.8
2024-03-12 17:14:00,070:verify_client_ip:INFO:IP from Country: MX
2024-03-12 17:14:00,087:binance_bank_deposit:INFO:Amount to deposit: 4000.0
2024-03-12 17:14:00,087:binance_bank_deposit:INFO:Buyer bank condition: AND LOWER(a.account_bank_name) NOT LIKE '%bbva%'
2024-03-12 17:14:00,087:binance_bank_deposit:INFO:Found 8 suitable accounts for order 20601022051736506368
2024-03-12 17:14:00,087:binance_bank_deposit:INFO:Suitable accounts: [('646180204200033494', 'STP'), ('646180146006124571', 'STP'), ('710969000016348705', 'Nvio'), ('058597000054265356', 'Banregio'), ('058597000056476091', 'Banregio'), ('710969000007300927', 'Nvio'), ('014761655091416464', 'Santander'), ('710969000015306104', 'Nvio')]
2024-03-12 17:14:00,103:binance_bank_deposit:INFO:Total after deposit for buyer 'IBARRA GOMEZ DANIEL' on account 646180204200033494: 4000.0
2024-03-12 17:14:00,103:binance_bank_deposit:INFO:The deposit does not exceed the buyer's monthly limit of 70000.00.
2024-03-12 17:14:00,123:binance_c2c:INFO:Message sent
2024-03-12 17:14:01,230:binance_update_ads:INFO:Ad: BTC - start price: 1220844.12, ratio: 101.66. Competitor ad - spot: 1, price: 1239909.58, base: 1200909.03, ratio: 103.24758570597142
2024-03-12 17:14:05,119:binance_c2c:INFO:Message sent
2024-03-12 17:14:10,118:binance_c2c:INFO:Message sent
2024-03-12 17:14:30,800:binance_c2c:INFO:Message sent
2024-03-12 17:14:35,814:binance_c2c:INFO:Message sent
2024-03-12 17:14:52,425:binance_c2c:INFO:Message sent
2024-03-12 17:14:59,424:binance_orders:INFO:Missing balance for BTC: 0.007402120000000012
2024-03-12 17:14:59,692:binance_wallets:INFO:Order successfully placed: {'symbol': 'BTCUSDT', 'orderId': 25584847839, 'orderListId': -1, 'clientOrderId': 'ArvQF6SIbsgB6NzReM5vsB', 'transactTime': 1710288899011, 'price': '0.00000000', 'origQty': '0.00740000', 'executedQty': '0.00740000', 'cummulativeQuoteQty': '528.63624200', 'status': 'FILLED', 'timeInForce': 'GTC', 'type': 'MARKET', 'side': 'BUY', 'workingTime': 1710288899011, 'fills': [{'price': '71437.33000000', 'qty': '0.00740000', 'commission': '0.00000740', 'commissionAsset': 'BTC', 'tradeId': 3478433028}], 'selfTradePreventionMode': 'EXPIRE_MAKER'}
2024-03-12 17:15:14,976:binance_update_ads:INFO:Ad: BTC - start price: 1239011.24, ratio: 103.21. Competitor ad - spot: 1, price: 1221324.48, base: 1200475.96, ratio: 101.73668783838036
2024-03-12 17:15:26,193:binance_update_ads:INFO:Ad: ETH - start price: 70691.57, ratio: 105.51. Competitor ad - spot: 1, price: 70684.8, base: 66999.88, ratio: 105.49989044756498
2024-03-12 17:15:36,384:binance_merchant_handler:INFO:Order 20601022502548037632 uses payment method (OXXO or Skrill).
2024-03-12 17:15:44,390:binance_merchant_handler:INFO:Order 20601022502548037632 uses payment method (OXXO or Skrill).
2024-03-12 17:15:56,140:binance_merchant_handler:INFO:Order 20601022502548037632 uses payment method (OXXO or Skrill).
2024-03-12 17:16:27,585:binance_merchant_handler:INFO:Order 20601022502548037632 uses payment method (OXXO or Skrill).
2024-03-12 17:16:30,223:binance_update_ads:INFO:Ad: BTC - start price: 1220739.3, ratio: 101.7. Competitor ad - spot: 1, price: 1239909.58, base: 1200333.63, ratio: 103.29707916289908
2024-03-12 17:16:41,613:binance_update_ads:INFO:Ad: ETH - start price: 70624.52, ratio: 105.46. Competitor ad - spot: 1, price: 70684.8, base: 66968.06, ratio: 105.55001891946698
2024-03-12 17:17:15,317:binance_merchant_handler:INFO:Order 20601022502548037632 uses payment method (OXXO or Skrill).
2024-03-12 17:17:15,330:binance_merchant_handler:INFO:Order 20601022502548037632 uses payment method (OXXO or Skrill).
2024-03-12 17:17:15,334:binance_merchant_handler:INFO:Order 20601022502548037632 uses payment method (OXXO or Skrill).
2024-03-12 17:17:31,749:binance_merchant_handler:INFO:Order 20601022502548037632 uses payment method (OXXO or Skrill).
2024-03-12 17:17:32,215:binance_merchant_handler:INFO:Order 20601022502548037632 uses payment method (OXXO or Skrill).
2024-03-12 17:17:45,674:binance_update_ads:INFO:Ad: BTC - start price: 1238549.7, ratio: 103.26. Competitor ad - spot: 1, price: 1219838.32, base: 1199447.7, ratio: 101.70000075868253
2024-03-12 17:17:48,365:binance_update_ads:INFO:Ad: BTC - start price: 1246945.84, ratio: 103.96. Competitor ad - spot: 2, price: 1220316.0, base: 1199447.71, ratio: 101.73982490658138
2024-03-12 17:18:11,638:binance_c2c:INFO:Message sent
2024-03-12 17:18:16,636:binance_c2c:INFO:Message sent
2024-03-12 17:18:40,707:binance_c2c:INFO:Message sent
2024-03-12 17:18:52,533:binance_c2c:INFO:Message sent
2024-03-12 17:18:59,711:binance_orders:INFO:Missing balance for BTC: 0.0032911800000000047
2024-03-12 17:18:59,973:binance_wallets:INFO:Order successfully placed: {'symbol': 'BTCUSDT', 'orderId': 25584914342, 'orderListId': -1, 'clientOrderId': '25hwAfmT9vVnhhfzirFu4p', 'transactTime': 1710289139285, 'price': '0.00000000', 'origQty': '0.00330000', 'executedQty': '0.00330000', 'cummulativeQuoteQty': '235.60122300', 'status': 'FILLED', 'timeInForce': 'GTC', 'type': 'MARKET', 'side': 'BUY', 'workingTime': 1710289139285, 'fills': [{'price': '71394.31000000', 'qty': '0.00330000', 'commission': '0.00000330', 'commissionAsset': 'BTC', 'tradeId': 3478439030}], 'selfTradePreventionMode': 'EXPIRE_MAKER'}
2024-03-12 17:21:25,918:common_utils_db:ERROR:Database error: UNIQUE constraint failed: orders.order_no
2024-03-12 17:21:25,966:binance_c2c:INFO:Message sent
2024-03-12 17:21:30,967:binance_c2c:INFO:Message sent
2024-03-12 17:21:30,967:binance_c2c:INFO:Message sent
2024-03-12 17:21:34,462:verify_client_ip:WARNING:Attempt 1: Could not fetch the IP. Retrying...
2024-03-12 17:21:38,111:ip_info_io:INFO:Getting IP details for: 189.151.0.135
2024-03-12 17:21:38,471:verify_client_ip:INFO:IP from Country: MX
2024-03-12 17:21:45,381:common_utils:INFO:Updated server timestamp: 1710289304671
2024-03-12 17:22:38,304:binance_c2c:INFO:Message sent
2024-03-12 17:22:38,319:binance_c2c:INFO:Message sent
2024-03-12 17:22:43,323:binance_c2c:INFO:Message sent
2024-03-12 17:22:43,323:binance_c2c:INFO:Message sent
2024-03-12 17:23:25,570:binance_c2c:INFO:Message sent
2024-03-12 17:23:51,305:binance_update_ads:INFO:Ad: BTC - start price: 1220290.54, ratio: 101.7. Competitor ad - spot: 2, price: 1239909.58, base: 1199892.37, ratio: 103.33506662768428
2024-03-12 17:25:05,272:binance_update_ads:INFO:Ad: BTC - start price: 1239995.21, ratio: 103.3. Competitor ad - spot: 2, price: 1247888.07, base: 1200382.58, ratio: 103.95752910709517
2024-03-12 17:25:33,760:binance_c2c:INFO:Message sent
2024-03-12 17:25:38,779:binance_c2c:INFO:Message sent
2024-03-12 17:25:38,779:binance_c2c:INFO:Message sent
2024-03-12 17:25:42,257:verify_client_ip:WARNING:Attempt 1: Could not fetch the IP. Retrying...
2024-03-12 17:25:45,815:ip_info_io:INFO:Getting IP details for: 187.190.206.240
2024-03-12 17:25:46,236:verify_client_ip:INFO:IP from Country: MX
2024-03-12 17:26:03,364:binance_c2c:INFO:Message sent
2024-03-12 17:26:08,136:binance_c2c:INFO:Message sent
2024-03-12 17:26:13,459:binance_c2c:INFO:Message sent
2024-03-12 17:26:19,356:binance_update_ads:INFO:Ad: BTC - start price: 1246920.79, ratio: 103.92. Competitor ad - spot: 2, price: 1220316.0, base: 1199885.29, ratio: 101.70272193269408
2024-03-12 17:26:24,022:binance_c2c:INFO:Message sent
2024-03-12 17:26:30,403:binance_bank_deposit:INFO:Amount to deposit: 2000.0
2024-03-12 17:26:30,403:binance_bank_deposit:INFO:Buyer bank condition: AND LOWER(a.account_bank_name) = ?
2024-03-12 17:26:30,403:binance_bank_deposit:INFO:Found 2 suitable accounts for order 20601025007289024512
2024-03-12 17:26:30,417:binance_bank_deposit:INFO:Suitable accounts: [('1532335128', 'BBVA'), ('1593999048', 'BBVA')]
2024-03-12 17:26:30,421:binance_bank_deposit:INFO:Total after deposit for buyer 'ESQUEDA PEREZ DIEGO ESTEBAN' on account 1532335128: 2000.0
2024-03-12 17:26:30,421:binance_bank_deposit:INFO:The deposit does not exceed the buyer's monthly limit of 70000.00.
2024-03-12 17:26:30,433:binance_c2c:INFO:Message sent
2024-03-12 17:26:35,434:binance_c2c:INFO:Message sent
2024-03-12 17:26:40,439:binance_c2c:INFO:Message sent
2024-03-12 17:27:33,263:binance_update_ads:INFO:Ad: BTC - start price: 1219020.24, ratio: 101.66. Competitor ad - spot: 2, price: 1220283.34, base: 1199114.93, ratio: 101.76533620509589
2024-03-12 17:27:41,122:binance_update_ads:INFO:Ad: USDT - start price: 17.33, ratio: 103.23. Competitor ad - spot: 1, price: 17.35, base: 16.79, ratio: 103.33531864204886
2024-03-12 17:28:29,908:binance_c2c:INFO:Message sent
2024-03-12 17:28:34,914:binance_c2c:INFO:Message sent
2024-03-12 17:28:50,261:binance_c2c:INFO:Message sent
2024-03-12 17:28:55,076:binance_update_ads:INFO:Ad: USDT - start price: 17.35, ratio: 103.3. Competitor ad - spot: 1, price: 17.35, base: 16.8, ratio: 103.27380952380953
2024-03-12 17:29:29,022:binance_merchant_handler:INFO:Order 20601022502548037632 uses payment method (OXXO or Skrill).
2024-03-12 17:29:46,582:binance_merchant_handler:INFO:Order 20601022502548037632 uses payment method (OXXO or Skrill).
2024-03-12 17:30:09,225:binance_update_ads:INFO:Ad: USDT - start price: 17.33, ratio: 103.23. Competitor ad - spot: 1, price: 17.35, base: 16.79, ratio: 103.33531864204886
2024-03-12 17:31:23,466:binance_update_ads:INFO:Ad: USDT - start price: 17.35, ratio: 103.3. Competitor ad - spot: 1, price: 17.35, base: 16.8, ratio: 103.27380952380953
2024-03-12 17:31:51,964:binance_merchant_handler:INFO:Order 20601022502548037632 uses payment method (OXXO or Skrill).
2024-03-12 17:32:31,133:binance_update_ads:INFO:Ad: BTC - start price: 1220178.21, ratio: 101.73. Competitor ad - spot: 2, price: 1219999.99, base: 1199428.1, ratio: 101.71514157455539
2024-03-12 17:32:39,340:binance_update_ads:INFO:Ad: USDT - start price: 17.33, ratio: 103.23. Competitor ad - spot: 1, price: 17.35, base: 16.79, ratio: 103.33531864204886
2024-03-12 17:33:45,406:binance_merchant_handler:INFO:Order 20601022502548037632 uses payment method (OXXO or Skrill).
2024-03-12 17:33:53,363:binance_update_ads:INFO:Ad: USDT - start price: 17.35, ratio: 103.3. Competitor ad - spot: 1, price: 17.35, base: 16.8, ratio: 103.27380952380953
2024-03-12 17:35:07,213:binance_update_ads:INFO:Ad: USDT - start price: 17.33, ratio: 103.23. Competitor ad - spot: 1, price: 17.35, base: 16.79, ratio: 103.33531864204886
2024-03-12 17:36:13,902:binance_update_ads:INFO:Ad: BTC - start price: 1218798.34, ratio: 101.66. Competitor ad - spot: 1, price: 1219999.99, base: 1198896.66, ratio: 101.76022927614127
2024-03-12 17:36:16,592:binance_update_ads:INFO:Ad: BTC - start price: 1219038.12, ratio: 101.68. Competitor ad - spot: 2, price: 1220316.0, base: 1198896.66, ratio: 101.78658767804059
2024-03-12 17:36:24,381:binance_update_ads:INFO:Ad: USDT - start price: 17.35, ratio: 103.3. Competitor ad - spot: 1, price: 17.35, base: 16.8, ratio: 103.27380952380953
2024-03-12 17:37:31,246:binance_update_ads:INFO:Ad: BTC - start price: 1220352.06, ratio: 101.72. Competitor ad - spot: 1, price: 1220316.0, base: 1199716.93, ratio: 101.71699419128811
2024-03-12 17:37:33,933:binance_update_ads:INFO:Ad: BTC - start price: 1220711.97, ratio: 101.75. Competitor ad - spot: 2, price: 1239909.58, base: 1199716.92, ratio: 103.35017864047464
2024-03-12 17:38:47,968:binance_update_ads:INFO:Ad: BTC - start price: 1239062.7, ratio: 103.31. Competitor ad - spot: 2, price: 1220112.11, base: 1199363.76, ratio: 101.7299463842396
2024-03-12 17:42:26,914:binance_update_ads:INFO:Ad: BTC - start price: 1220357.45, ratio: 101.69. Competitor ad - spot: 2, price: 1239909.58, base: 1200076.16, ratio: 103.31924100550421
2024-03-12 17:43:40,744:binance_update_ads:INFO:Ad: BTC - start price: 1240115.33, ratio: 103.28. Competitor ad - spot: 2, price: 1239909.58, base: 1200731.34, ratio: 103.26286478039293
2024-03-12 17:44:54,768:binance_update_ads:INFO:Ad: BTC - start price: 1240082.36, ratio: 103.22. Competitor ad - spot: 2, price: 1242756.94, base: 1201397.36, ratio: 103.44262284711527
2024-03-12 17:46:09,132:binance_update_ads:INFO:Ad: BTC - start price: 1241945.73, ratio: 103.4. Competitor ad - spot: 2, price: 1243146.84, base: 1201108.06, ratio: 103.49999982516145
2024-03-12 17:47:22,515:binance_update_ads:INFO:Ad: BTC - start price: 1243554.49, ratio: 103.46. Competitor ad - spot: 2, price: 1243146.84, base: 1201966.45, ratio: 103.42608481293303
2024-03-12 17:47:33,008:binance_merchant_handler:INFO:Order 20601022502548037632 uses payment method (OXXO or Skrill).
2024-03-12 17:47:56,832:binance_c2c:INFO:Message sent
2024-03-12 17:48:03,683:binance_orders:INFO:Missing balance for BTC: 0.001636699999999991
2024-03-12 17:48:04,025:binance_wallets:INFO:Order successfully placed: {'symbol': 'BTCUSDT', 'orderId': 25585356040, 'orderListId': -1, 'clientOrderId': 'N8TD70jxmOf0ZyLizko6Xx', 'transactTime': 1710290883268, 'price': '0.00000000', 'origQty': '0.00160000', 'executedQty': '0.00160000', 'cummulativeQuoteQty': '114.61030400', 'status': 'FILLED', 'timeInForce': 'GTC', 'type': 'MARKET', 'side': 'BUY', 'workingTime': 1710290883268, 'fills': [{'price': '71631.44000000', 'qty': '0.00160000', 'commission': '0.00000160', 'commissionAsset': 'BTC', 'tradeId': 3478474192}], 'selfTradePreventionMode': 'EXPIRE_MAKER'}
2024-03-12 17:48:35,333:binance_update_ads:INFO:Ad: BTC - start price: 1222187.16, ratio: 101.68. Competitor ad - spot: 1, price: 1239909.58, base: 1201993.67, ratio: 103.1544184421537
2024-03-12 17:48:38,060:binance_update_ads:INFO:Ad: BTC - start price: 1242741.25, ratio: 103.39. Competitor ad - spot: 2, price: 1239909.58, base: 1201993.66, ratio: 103.15441930034808
2024-03-12 17:49:50,396:binance_update_ads:INFO:Ad: BTC - start price: 1240466.3, ratio: 103.11. Competitor ad - spot: 1, price: 1239909.58, base: 1203051.4, ratio: 103.06372445932071
2024-03-12 17:49:53,074:binance_update_ads:INFO:Ad: BTC - start price: 1240466.3, ratio: 103.11. Competitor ad - spot: 2, price: 1245158.2, base: 1203051.4, ratio: 103.50000008312196
2024-03-12 17:51:05,611:binance_update_ads:INFO:Ad: BTC - start price: 1240035.49, ratio: 103.02. Competitor ad - spot: 1, price: 1239909.58, base: 1203684.23, ratio: 103.0095393041745
2024-03-12 17:51:08,324:binance_update_ads:INFO:Ad: BTC - start price: 1245332.36, ratio: 103.46. Competitor ad - spot: 2, price: 1245158.2, base: 1203684.86, ratio: 103.44553141592226
2024-03-12 17:51:18,614:binance_update_ads:INFO:Ad: ETH - start price: 70705.89, ratio: 105.51. Competitor ad - spot: 1, price: 68584.68, base: 67013.45, ratio: 102.3446487235025
2024-03-12 17:51:45,701:common_utils:INFO:Updated server timestamp: 1710291105030
2024-03-12 17:52:22,700:binance_update_ads:INFO:Ad: BTC - start price: 1239428.96, ratio: 102.97. Competitor ad - spot: 1, price: 1224142.23, base: 1203679.67, ratio: 101.70000046607083
2024-03-12 17:52:26,503:binance_update_ads:INFO:Ad: BTC - start price: 1244725.15, ratio: 103.41. Competitor ad - spot: 2, price: 1239909.58, base: 1203679.67, ratio: 103.00992954379633
2024-03-12 17:53:38,986:binance_update_ads:INFO:Ad: BTC - start price: 1221464.06, ratio: 101.66. Competitor ad - spot: 1, price: 1239909.58, base: 1201518.85, ratio: 103.1951833298329
2024-03-12 17:53:41,564:binance_update_ads:INFO:Ad: BTC - start price: 1237203.95, ratio: 102.97. Competitor ad - spot: 2, price: 1243572.0, base: 1201518.84, ratio: 103.50000004993677
2024-03-12 17:56:05,968:binance_update_ads:INFO:Ad: BTC - start price: 1239469.6, ratio: 103.16. Competitor ad - spot: 1, price: 1221927.67, base: 1201502.13, ratio: 101.70000031543849
2024-03-12 17:56:08,671:binance_update_ads:INFO:Ad: BTC - start price: 1243074.1, ratio: 103.46. Competitor ad - spot: 2, price: 1239909.58, base: 1201502.13, ratio: 103.19661938510257
2024-03-12 17:57:21,166:binance_update_ads:INFO:Ad: BTC - start price: 1221595.22, ratio: 101.66. Competitor ad - spot: 1, price: 1239909.58, base: 1201647.87, ratio: 103.18410334302011
2024-03-12 17:57:23,953:binance_update_ads:INFO:Ad: BTC - start price: 1239619.85, ratio: 103.16. Competitor ad - spot: 2, price: 1243554.7, base: 1201647.78, ratio: 103.48745453513841
2024-03-12 17:57:33,992:binance_update_ads:INFO:Ad: ETH - start price: 68454.49, ratio: 102.3. Competitor ad - spot: 1, price: 68422.09, base: 66915.43, ratio: 102.25158831079769
2024-03-12 17:58:38,087:binance_update_ads:INFO:Ad: BTC - start price: 1239192.21, ratio: 103.14. Competitor ad - spot: 1, price: 1221891.1, base: 1201466.17, ratio: 101.70000042531369
2024-03-12 17:58:46,782:binance_update_ads:INFO:Ad: USDT - start price: 17.33, ratio: 103.23. Competitor ad - spot: 1, price: 17.35, base: 16.79, ratio: 103.33531864204886
2024-03-12 17:58:50,738:binance_update_ads:INFO:Ad: ETH - start price: 68350.41, ratio: 102.21. Competitor ad - spot: 1, price: 68422.09, base: 66872.53, ratio: 102.31718464966109
2024-03-12 17:59:55,914:binance_update_ads:INFO:Ad: BTC - start price: 1242136.61, ratio: 103.45. Competitor ad - spot: 2, price: 1239909.58, base: 1200712.04, ratio: 103.26452460658263
2024-03-12 18:00:03,695:binance_update_ads:INFO:Ad: USDT - start price: 17.35, ratio: 103.3. Competitor ad - spot: 1, price: 17.35, base: 16.8, ratio: 103.27380952380953
2024-03-12 18:01:11,330:binance_update_ads:INFO:Ad: BTC - start price: 1238175.82, ratio: 103.22. Competitor ad - spot: 2, price: 1220316.0, base: 1199550.3, ratio: 101.73112373862105
2024-03-12 18:01:18,980:binance_update_ads:INFO:Ad: USDT - start price: 17.33, ratio: 103.23. Competitor ad - spot: 1, price: 17.35, base: 16.79, ratio: 103.33531864204886
2024-03-12 18:02:32,458:binance_update_ads:INFO:Ad: USDT - start price: 17.35, ratio: 103.3. Competitor ad - spot: 1, price: 17.35, base: 16.8, ratio: 103.27380952380953
2024-03-12 18:03:38,988:binance_update_ads:INFO:Ad: BTC - start price: 1220162.33, ratio: 101.66. Competitor ad - spot: 1, price: 1239909.58, base: 1200238.37, ratio: 103.30527760081524
2024-03-12 18:03:41,673:binance_update_ads:INFO:Ad: BTC - start price: 1220522.41, ratio: 101.69. Competitor ad - spot: 2, price: 1242246.72, base: 1200238.38, ratio: 103.49999972505461
2024-03-12 18:03:49,507:binance_update_ads:INFO:Ad: USDT - start price: 17.33, ratio: 103.23. Competitor ad - spot: 1, price: 17.35, base: 16.79, ratio: 103.33531864204886
2024-03-12 18:04:11,379:binance_merchant_handler:INFO:Order 20601034728839266304 uses payment method (OXXO or Skrill).
2024-03-12 18:04:56,038:binance_update_ads:INFO:Ad: BTC - start price: 1238820.47, ratio: 103.27. Competitor ad - spot: 1, price: 1219999.99, base: 1199593.75, ratio: 101.70109589183838
2024-03-12 18:04:58,724:binance_update_ads:INFO:Ad: BTC - start price: 1240921.15, ratio: 103.46. Competitor ad - spot: 2, price: 1220316.0, base: 1199421.18, ratio: 101.74207529001616
2024-03-12 18:06:19,969:binance_update_ads:INFO:Ad: USDT - start price: 17.35, ratio: 103.3. Competitor ad - spot: 1, price: 17.35, base: 16.8, ratio: 103.27380952380953
2024-03-12 18:07:33,626:binance_update_ads:INFO:Ad: USDT - start price: 17.33, ratio: 103.23. Competitor ad - spot: 1, price: 17.35, base: 16.79, ratio: 103.33531864204886
2024-03-12 18:08:40,286:binance_update_ads:INFO:Ad: BTC - start price: 1220837.07, ratio: 101.66. Competitor ad - spot: 1, price: 1239909.58, base: 1200902.1, ratio: 103.24818151288102
2024-03-12 18:08:49,196:binance_update_ads:INFO:Ad: USDT - start price: 17.35, ratio: 103.3. Competitor ad - spot: 1, price: 17.35, base: 16.8, ratio: 103.27380952380953
2024-03-12 18:08:54,622:binance_merchant_handler:INFO:Order 20601014061629050880 uses payment method (OXXO or Skrill).
2024-03-12 18:08:58,732:binance_merchant_handler:INFO:Order 20601014061629050880 uses payment method (OXXO or Skrill).
2024-03-12 18:09:55,569:binance_update_ads:INFO:Ad: BTC - start price: 1239335.0, ratio: 103.21. Competitor ad - spot: 1, price: 1221203.08, base: 1200789.65, ratio: 101.7000004955073
2024-03-12 18:09:58,208:binance_update_ads:INFO:Ad: BTC - start price: 1221203.08, ratio: 101.7. Competitor ad - spot: 2, price: 1248820.71, base: 1200789.66, ratio: 103.9999553293955
2024-03-12 18:10:06,134:binance_update_ads:INFO:Ad: USDT - start price: 17.33, ratio: 103.23. Competitor ad - spot: 1, price: 17.35, base: 16.79, ratio: 103.33531864204886
2024-03-12 18:10:09,460:binance_merchant_handler:INFO:Order 20601034728839266304 uses payment method (OXXO or Skrill).
2024-03-12 18:10:26,986:binance_merchant_handler:INFO:Order 20601034728839266304 uses payment method (OXXO or Skrill).
2024-03-12 18:10:28,672:binance_merchant_handler:INFO:Order 20601034728839266304 uses payment method (OXXO or Skrill).
2024-03-12 18:10:31,896:binance_merchant_handler:INFO:Order 20601014061629050880 uses payment method (OXXO or Skrill).
2024-03-12 18:10:47,508:binance_merchant_handler:INFO:Order 20601034728839266304 uses payment method (OXXO or Skrill).
2024-03-12 18:10:47,523:binance_merchant_handler:INFO:Order 20601034728839266304 uses payment method (OXXO or Skrill).
2024-03-12 18:11:08,449:binance_merchant_handler:INFO:Order 20601034728839266304 uses payment method (OXXO or Skrill).
2024-03-12 18:11:13,792:binance_update_ads:INFO:Ad: BTC - start price: 1247398.85, ratio: 103.96. Competitor ad - spot: 2, price: 1221203.08, base: 1199883.46, ratio: 101.77680755762732
2024-03-12 18:11:21,591:binance_update_ads:INFO:Ad: USDT - start price: 17.35, ratio: 103.3. Competitor ad - spot: 1, price: 17.35, base: 16.8, ratio: 103.27380952380953
2024-03-12 18:12:29,196:binance_update_ads:INFO:Ad: BTC - start price: 1220891.58, ratio: 101.74. Competitor ad - spot: 2, price: 1239909.58, base: 1200011.38, ratio: 103.32481846963819
2024-03-12 18:12:37,153:binance_update_ads:INFO:Ad: USDT - start price: 17.33, ratio: 103.23. Competitor ad - spot: 1, price: 17.35, base: 16.79, ratio: 103.33531864204886
2024-03-12 18:13:43,901:binance_update_ads:INFO:Ad: BTC - start price: 1221171.87, ratio: 101.66. Competitor ad - spot: 1, price: 1239909.58, base: 1201231.43, ratio: 103.21987495781725
2024-03-12 18:13:46,552:binance_update_ads:INFO:Ad: BTC - start price: 1240631.82, ratio: 103.28. Competitor ad - spot: 2, price: 1249152.68, base: 1201231.43, ratio: 103.98934366877164
2024-03-12 18:13:54,197:binance_update_ads:INFO:Ad: USDT - start price: 17.35, ratio: 103.3. Competitor ad - spot: 1, price: 17.35, base: 16.8, ratio: 103.27380952380953
2024-03-12 18:13:58,254:binance_update_ads:INFO:Ad: ETH - start price: 68499.66, ratio: 102.28. Competitor ad - spot: 1, price: 68479.25, base: 66972.68, ratio: 102.2495292110156
2024-03-12 18:15:02,362:binance_update_ads:INFO:Ad: BTC - start price: 1239150.94, ratio: 103.18. Competitor ad - spot: 1, price: 1221652.36, base: 1200960.4, ratio: 101.72295106483114
2024-03-12 18:15:04,981:binance_update_ads:INFO:Ad: BTC - start price: 1248398.01, ratio: 103.95. Competitor ad - spot: 2, price: 1239909.58, base: 1200960.09, ratio: 103.24319603326701
2024-03-12 18:16:18,545:binance_update_ads:INFO:Ad: BTC - start price: 1238544.97, ratio: 103.2. Competitor ad - spot: 2, price: 1239909.58, base: 1200140.47, ratio: 103.313704603262
2024-03-12 18:17:32,508:binance_update_ads:INFO:Ad: BTC - start price: 1238700.45, ratio: 103.27. Competitor ad - spot: 2, price: 1220542.87, base: 1199477.53, ratio: 101.75620963904177
2024-03-12 18:18:45,996:binance_update_ads:INFO:Ad: BTC - start price: 1220496.81, ratio: 101.72. Competitor ad - spot: 2, price: 1239909.58, base: 1199859.23, ratio: 103.3379207325846
2024-03-12 18:20:07,675:binance_update_ads:INFO:Ad: ETH - start price: 68433.44, ratio: 102.21. Competitor ad - spot: 1, price: 68411.19, base: 66953.76, ratio: 102.1767709535656
2024-03-12 18:21:24,272:binance_merchant_handler:INFO:Order 20601039061213970432 uses payment method (OXXO or Skrill).
2024-03-12 18:21:46,008:common_utils:INFO:Updated server timestamp: 1710292905341
2024-03-12 18:23:36,472:binance_update_ads:INFO:Ad: BTC - start price: 1238659.26, ratio: 103.3. Competitor ad - spot: 2, price: 1220316.0, base: 1199089.31, ratio: 101.77023427887953
2024-03-12 18:24:49,585:binance_update_ads:INFO:Ad: BTC - start price: 1221094.57, ratio: 101.73. Competitor ad - spot: 2, price: 1247043.42, base: 1200328.88, ratio: 103.89181171746864
2024-03-12 18:24:54,112:binance_merchant_handler:INFO:Order 20601039061213970432 uses payment method (OXXO or Skrill).
2024-03-12 18:25:00,922:binance_merchant_handler:INFO:Order 20601039061213970432 uses payment method (OXXO or Skrill).
2024-03-12 18:25:21,388:binance_merchant_handler:INFO:Order 20601039061213970432 uses payment method (OXXO or Skrill).
2024-03-12 18:26:01,944:binance_update_ads:INFO:Ad: BTC - start price: 1220778.13, ratio: 101.68. Competitor ad - spot: 1, price: 1239909.58, base: 1200607.92, ratio: 103.27347998837124
2024-03-12 18:26:04,607:binance_update_ads:INFO:Ad: BTC - start price: 1246831.32, ratio: 103.85. Competitor ad - spot: 2, price: 1248640.15, base: 1200607.92, ratio: 104.00065909943356
2024-03-12 18:27:17,903:binance_update_ads:INFO:Ad: BTC - start price: 1240968.71, ratio: 103.23. Competitor ad - spot: 1, price: 1239909.58, base: 1202139.6, ratio: 103.14189633217308
2024-03-12 18:27:20,652:binance_update_ads:INFO:Ad: BTC - start price: 1249878.1, ratio: 103.96. Competitor ad - spot: 2, price: 1248640.15, base: 1202268.28, ratio: 103.85703180990518
2024-03-12 18:27:28,979:binance_merchant_handler:INFO:Order 20601040590454329344 uses payment method (OXXO or Skrill).
2024-03-12 18:27:30,614:binance_update_ads:INFO:Ad: ETH - start price: 68384.51, ratio: 102.14. Competitor ad - spot: 1, price: 68524.32, base: 66951.74, ratio: 102.34882618435309
2024-03-12 18:28:34,705:binance_update_ads:INFO:Ad: BTC - start price: 1239666.03, ratio: 103.1. Competitor ad - spot: 1, price: 1222832.55, base: 1202391.88, ratio: 101.7000006686672
2024-03-12 18:28:37,375:binance_update_ads:INFO:Ad: BTC - start price: 1248323.26, ratio: 103.82. Competitor ad - spot: 2, price: 1250487.56, base: 1202391.89, ratio: 103.99999953426166
2024-03-12 18:28:47,399:binance_update_ads:INFO:Ad: ETH - start price: 68611.5, ratio: 102.31. Competitor ad - spot: 1, price: 68524.32, base: 67062.36, ratio: 102.1800008231145
2024-03-12 18:32:15,881:binance_update_ads:INFO:Ad: BTC - start price: 1255183.58, ratio: 103.96. Competitor ad - spot: 2, price: 1239909.58, base: 1207371.66, ratio: 102.6949381932652
2024-03-12 18:33:28,615:binance_merchant_handler:INFO:Order 20601042099624824832 uses payment method (OXXO or Skrill).
2024-03-12 18:33:29,089:binance_update_ads:INFO:Ad: BTC - start price: 1242509.19, ratio: 102.65. Competitor ad - spot: 2, price: 1255671.0, base: 1210432.72, ratio: 103.73736427085349
2024-03-12 18:34:42,849:binance_update_ads:INFO:Ad: BTC - start price: 1255818.68, ratio: 103.7. Competitor ad - spot: 2, price: 1258170.25, base: 1211011.26, ratio: 103.89418261891305
2024-03-12 18:35:32,825:binance_merchant_handler:INFO:Order 20601042099624824832 uses payment method (OXXO or Skrill).
2024-03-12 18:35:34,573:binance_merchant_handler:INFO:Order 20601042099624824832 uses payment method (OXXO or Skrill).
2024-03-12 18:35:56,654:binance_update_ads:INFO:Ad: BTC - start price: 1255977.35, ratio: 103.85. Competitor ad - spot: 2, price: 1257802.62, base: 1209414.88, ratio: 104.00092150346292
2024-03-12 18:36:04,287:binance_update_ads:INFO:Ad: USDT - start price: 17.33, ratio: 103.23. Competitor ad - spot: 1, price: 17.35, base: 16.79, ratio: 103.33531864204886
2024-03-12 18:37:12,037:binance_update_ads:INFO:Ad: BTC - start price: 1254317.44, ratio: 103.96. Competitor ad - spot: 2, price: 1229974.93, base: 1206538.51, ratio: 101.94245105363441
2024-03-12 18:37:19,934:binance_update_ads:INFO:Ad: USDT - start price: 17.35, ratio: 103.3. Competitor ad - spot: 1, price: 17.35, base: 16.8, ratio: 103.27380952380953
2024-03-12 18:38:27,602:binance_update_ads:INFO:Ad: BTC - start price: 1229873.3, ratio: 101.9. Competitor ad - spot: 2, price: 1239909.58, base: 1206941.41, ratio: 102.73154684451502
2024-03-12 18:38:35,290:binance_update_ads:INFO:Ad: USDT - start price: 17.33, ratio: 103.23. Competitor ad - spot: 1, price: 17.35, base: 16.79, ratio: 103.33531864204886
2024-03-12 18:39:42,804:binance_update_ads:INFO:Ad: BTC - start price: 1228043.3, ratio: 101.66. Competitor ad - spot: 1, price: 1239909.58, base: 1207990.66, ratio: 102.64231513180742
2024-03-12 18:39:45,431:binance_update_ads:INFO:Ad: BTC - start price: 1240485.6, ratio: 102.69. Competitor ad - spot: 2, price: 1256334.69, base: 1207990.65, ratio: 104.00202104213308
2024-03-12 18:39:53,294:binance_update_ads:INFO:Ad: USDT - start price: 17.35, ratio: 103.3. Competitor ad - spot: 1, price: 17.35, base: 16.8, ratio: 103.27380952380953
2024-03-12 18:40:59,754:binance_update_ads:INFO:Ad: BTC - start price: 1239178.84, ratio: 102.6. Competitor ad - spot: 1, price: 1228526.49, base: 1207776.65, ratio: 101.71801963550134
2024-03-12 18:41:02,413:binance_update_ads:INFO:Ad: BTC - start price: 1255604.79, ratio: 103.96. Competitor ad - spot: 2, price: 1239909.58, base: 1207776.83, ratio: 102.66048736834934
2024-03-12 18:42:28,590:binance_merchant_handler:INFO:Order 20601040590454329344 uses payment method (OXXO or Skrill).
2024-03-12 18:42:44,196:binance_merchant_handler:INFO:Order 20601039061213970432 uses payment method (OXXO or Skrill).
2024-03-12 18:42:44,196:binance_merchant_handler:INFO:Order 20601039061213970432 uses payment method (OXXO or Skrill).
2024-03-12 18:43:11,246:binance_merchant_handler:INFO:Order 20601042099624824832 uses payment method (OXXO or Skrill).
2024-03-12 18:43:11,260:binance_merchant_handler:INFO:Order 20601042099624824832 uses payment method (OXXO or Skrill).
2024-03-12 18:43:17,483:binance_merchant_handler:INFO:Order 20601039061213970432 uses payment method (OXXO or Skrill).
2024-03-12 18:43:29,575:binance_update_ads:INFO:Ad: USDT - start price: 17.07, ratio: 101.63. Competitor ad - spot: 1, price: 17.09, base: 16.8, ratio: 101.72619047619047
2024-03-12 18:43:37,003:binance_update_ads:INFO:Ad: ETH - start price: 68985.3, ratio: 102.14. Competitor ad - spot: 1, price: 69051.18, base: 67539.95, ratio: 102.23753497004364
2024-03-12 18:44:41,368:binance_update_ads:INFO:Ad: BTC - start price: 1227784.33, ratio: 101.68. Competitor ad - spot: 1, price: 1239909.58, base: 1207498.36, ratio: 102.68416265178197
2024-03-12 18:45:54,623:binance_update_ads:INFO:Ad: BTC - start price: 1238684.91, ratio: 102.64. Competitor ad - spot: 1, price: 1239909.58, base: 1206824.74, ratio: 102.74147843538574
2024-03-12 18:45:57,329:binance_update_ads:INFO:Ad: BTC - start price: 1238443.54, ratio: 102.62. Competitor ad - spot: 2, price: 1239909.58, base: 1206824.73, ratio: 102.74147928672295
2024-03-12 18:46:07,230:binance_update_ads:INFO:Ad: ETH - start price: 68994.52, ratio: 102.2. Competitor ad - spot: 1, price: 68980.59, base: 67509.32, ratio: 102.17935834637348
2024-03-12 18:47:11,588:binance_update_ads:INFO:Ad: BTC - start price: 1240030.77, ratio: 102.7. Competitor ad - spot: 1, price: 1239909.58, base: 1207430.16, ratio: 102.6899626227657
2024-03-12 18:47:14,357:binance_update_ads:INFO:Ad: BTC - start price: 1240181.1, ratio: 102.7. Competitor ad - spot: 2, price: 1255089.93, base: 1207576.53, ratio: 103.9346077718155
2024-03-12 18:47:34,214:binance_search_ad:ERROR:An error occurred: Cannot connect to host api.binance.com:443 ssl:default [getaddrinfo failed]
2024-03-12 18:47:34,214:binance_search_ad:INFO:Attempt 1/3 failed, retrying after delay...
2024-03-12 18:47:45,347:binance_search_ad:ERROR:An error occurred: Cannot connect to host api.binance.com:443 ssl:default [getaddrinfo failed]
2024-03-12 18:47:45,347:binance_search_ad:INFO:Attempt 2/3 failed, retrying after delay...
2024-03-12 18:47:49,367:binance_search_ad:ERROR:An error occurred: Cannot connect to host api.binance.com:443 ssl:default [getaddrinfo failed]
2024-03-12 18:47:49,367:binance_search_ad:ERROR:Maximum retry attempts reached, failing...
2024-03-12 18:47:49,367:binance_api:ERROR:Failed to fetch ads data.
2024-03-12 18:47:49,367:binance_update_ads:ERROR:Failed to fetch ads data for asset_type ETH, fiat MXN, transAmount 5000.0, and payTypes [].
2024-03-12 18:48:28,366:binance_merchant_handler:INFO:Order 20601042099624824832 uses payment method (OXXO or Skrill).
2024-03-12 18:49:01,500:binance_search_ad:ERROR:An error occurred: Cannot connect to host api.binance.com:443 ssl:default [getaddrinfo failed]
2024-03-12 18:49:01,500:binance_search_ad:INFO:Attempt 1/3 failed, retrying after delay...
2024-03-12 18:49:03,511:binance_search_ad:ERROR:An error occurred: Cannot connect to host api.binance.com:443 ssl:default [getaddrinfo failed]
2024-03-12 18:49:03,511:binance_search_ad:INFO:Attempt 2/3 failed, retrying after delay...
2024-03-12 18:49:07,518:binance_search_ad:ERROR:An error occurred: Cannot connect to host api.binance.com:443 ssl:default [getaddrinfo failed]
2024-03-12 18:49:07,519:binance_search_ad:ERROR:Maximum retry attempts reached, failing...
2024-03-12 18:49:07,519:binance_api:ERROR:Failed to fetch ads data.
2024-03-12 18:49:07,519:binance_update_ads:ERROR:Failed to fetch ads data for asset_type BTC, fiat MXN, transAmount 5000.0, and payTypes [].
2024-03-12 18:49:07,519:binance_search_ad:ERROR:An error occurred: Cannot connect to host api.binance.com:443 ssl:default [getaddrinfo failed]
2024-03-12 18:49:07,519:binance_search_ad:INFO:Attempt 1/3 failed, retrying after delay...
2024-03-12 18:49:09,529:binance_search_ad:ERROR:An error occurred: Cannot connect to host api.binance.com:443 ssl:default [getaddrinfo failed]
2024-03-12 18:49:09,529:binance_search_ad:INFO:Attempt 2/3 failed, retrying after delay...
2024-03-12 18:49:13,521:binance_search_ad:ERROR:An error occurred: Cannot connect to host api.binance.com:443 ssl:default [getaddrinfo failed]
2024-03-12 18:49:13,521:binance_search_ad:ERROR:Maximum retry attempts reached, failing...
2024-03-12 18:49:13,521:binance_api:ERROR:Failed to fetch ads data.
2024-03-12 18:49:13,521:binance_update_ads:ERROR:Failed to fetch ads data for asset_type BTC, fiat MXN, transAmount 5000.0, and payTypes [].
2024-03-12 18:49:14,535:binance_search_ad:ERROR:An error occurred: Cannot connect to host api.binance.com:443 ssl:default [getaddrinfo failed]
2024-03-12 18:49:14,535:binance_search_ad:INFO:Attempt 1/3 failed, retrying after delay...
2024-03-12 18:49:16,539:binance_search_ad:ERROR:An error occurred: Cannot connect to host api.binance.com:443 ssl:default [getaddrinfo failed]
2024-03-12 18:49:16,540:binance_search_ad:INFO:Attempt 2/3 failed, retrying after delay...
2024-03-12 18:49:20,550:binance_search_ad:ERROR:An error occurred: Cannot connect to host api.binance.com:443 ssl:default [getaddrinfo failed]
2024-03-12 18:49:20,550:binance_search_ad:ERROR:Maximum retry attempts reached, failing...
2024-03-12 18:49:20,550:binance_api:ERROR:Failed to fetch ads data.
2024-03-12 18:49:20,550:binance_update_ads:ERROR:Failed to fetch ads data for asset_type USDT, fiat MXN, transAmount 30000.0, and payTypes ['BBVABank'].
2024-03-12 18:49:20,550:binance_search_ad:ERROR:An error occurred: Cannot connect to host api.binance.com:443 ssl:default [getaddrinfo failed]
2024-03-12 18:49:20,550:binance_search_ad:INFO:Attempt 1/3 failed, retrying after delay...
2024-03-12 18:49:27,659:binance_search_ad:ERROR:An error occurred: Cannot connect to host api.binance.com:443 ssl:default [getaddrinfo failed]
2024-03-12 18:49:27,659:binance_search_ad:INFO:Attempt 2/3 failed, retrying after delay...
2024-03-12 18:49:31,664:binance_search_ad:ERROR:An error occurred: Cannot connect to host api.binance.com:443 ssl:default [getaddrinfo failed]
2024-03-12 18:49:31,664:binance_search_ad:ERROR:Maximum retry attempts reached, failing...
2024-03-12 18:49:31,664:binance_api:ERROR:Failed to fetch ads data.
2024-03-12 18:49:31,664:binance_update_ads:ERROR:Failed to fetch ads data for asset_type USDT, fiat MXN, transAmount 30000.0, and payTypes ['BBVABank'].
2024-03-12 18:49:32,682:binance_search_ad:ERROR:An error occurred: Cannot connect to host api.binance.com:443 ssl:default [getaddrinfo failed]
2024-03-12 18:49:32,682:binance_search_ad:INFO:Attempt 1/3 failed, retrying after delay...
2024-03-12 18:49:34,681:binance_search_ad:ERROR:An error occurred: Cannot connect to host api.binance.com:443 ssl:default [getaddrinfo failed]
2024-03-12 18:49:34,681:binance_search_ad:INFO:Attempt 2/3 failed, retrying after delay...
2024-03-12 18:49:49,803:binance_search_ad:ERROR:An error occurred: Cannot connect to host api.binance.com:443 ssl:default [getaddrinfo failed]
2024-03-12 18:49:49,804:binance_search_ad:ERROR:Maximum retry attempts reached, failing...
2024-03-12 18:49:49,804:binance_api:ERROR:Failed to fetch ads data.
2024-03-12 18:49:49,804:binance_update_ads:ERROR:Failed to fetch ads data for asset_type USDT, fiat MXN, transAmount 500.0, and payTypes ['OXXO'].
2024-03-12 18:49:50,820:binance_search_ad:ERROR:An error occurred: Cannot connect to host api.binance.com:443 ssl:default [getaddrinfo failed]
2024-03-12 18:49:50,820:binance_search_ad:INFO:Attempt 1/3 failed, retrying after delay...
2024-03-12 18:50:45,938:common_utils:INFO:Updated server timestamp: 1710294645284
2024-03-12 18:50:46,205:common_utils:INFO:Updated server timestamp: 1710294645550
2024-03-12 18:50:56,815:binance_update_ads:INFO:Ad: BTC - start price: 1239073.52, ratio: 102.65. Competitor ad - spot: 1, price: 1227606.21, base: 1207085.75, ratio: 101.70000018639935
2024-03-12 18:50:59,507:binance_update_ads:INFO:Ad: BTC - start price: 1254041.38, ratio: 103.89. Competitor ad - spot: 2, price: 1239909.58, base: 1207085.74, ratio: 102.71926333915602
2024-03-12 18:51:04,741:binance_update_ads:INFO:Ad: USDT - start price: 17.08, ratio: 101.69. Competitor ad - spot: 2, price: 17.1, base: 16.8, ratio: 101.78571428571428
2024-03-12 18:53:20,152:common_utils:ERROR:Attempt 1: Failed to fetch server time from https://api.binance.com/api/v3/time: Cannot connect to host api.binance.com:443 ssl:default [getaddrinfo failed]
2024-03-12 18:53:21,156:common_utils:ERROR:Attempt 1: Failed to fetch server time from https://api.binance.com/api/v1/time: Cannot connect to host api.binance.com:443 ssl:default [getaddrinfo failed]
2024-03-12 18:53:22,132:common_utils:ERROR:Attempt 1: Failed to fetch server time from https://api.binance.com/api/v3/time: Cannot connect to host api.binance.com:443 ssl:default [getaddrinfo failed]
2024-03-12 18:53:22,163:common_utils:ERROR:Attempt 2: Failed to fetch server time from https://api.binance.com/api/v3/time: Cannot connect to host api.binance.com:443 ssl:default [getaddrinfo failed]
2024-03-12 18:53:28,150:common_utils:ERROR:Attempt 1: Failed to fetch server time from https://api.binance.com/api/v3/time: Cannot connect to host api.binance.com:443 ssl:default [getaddrinfo failed]
2024-03-12 18:53:29,153:common_utils:ERROR:Attempt 1: Failed to fetch server time from https://api.binance.com/api/v1/time: Cannot connect to host api.binance.com:443 ssl:default [getaddrinfo failed]
2024-03-12 18:53:39,970:common_utils:ERROR:Attempt 1: Failed to fetch server time from https://api.binance.com/api/v3/time: Cannot connect to host api.binance.com:443 ssl:default [getaddrinfo failed]
2024-03-12 18:54:21,158:common_utils:ERROR:Attempt 1: Failed to fetch server time from https://api.binance.com/api/v3/time: Cannot connect to host api.binance.com:443 ssl:default [getaddrinfo failed]
2024-03-12 18:54:22,175:common_utils:ERROR:Attempt 1: Failed to fetch server time from https://api.binance.com/api/v1/time: Cannot connect to host api.binance.com:443 ssl:default [getaddrinfo failed]
2024-03-12 18:54:23,191:common_utils:ERROR:Attempt 2: Failed to fetch server time from https://api.binance.com/api/v3/time: Cannot connect to host api.binance.com:443 ssl:default [getaddrinfo failed]
2024-03-12 18:56:24,579:common_utils:INFO:Updated server timestamp: 1710294983918
2024-03-12 18:56:24,835:common_utils:INFO:Updated server timestamp: 1710294984190
2024-03-12 18:56:35,380:binance_update_ads:INFO:Ad: BTC - start price: 1228690.58, ratio: 101.66. Competitor ad - spot: 1, price: 1239909.58, base: 1208627.37, ratio: 102.58824272695396
2024-03-12 18:56:38,048:binance_update_ads:INFO:Ad: BTC - start price: 1241018.58, ratio: 102.68. Competitor ad - spot: 2, price: 1256976.98, base: 1208627.37, ratio: 104.00037358081671
