2024-03-12 14:31:54,506:common_utils:INFO:Updated server timestamp: 1710279113791
2024-03-12 14:31:54,822:common_utils:INFO:Updated server timestamp: 1710279114099
2024-03-12 14:32:19,310:common_utils:INFO:Updated server timestamp: 1710279138583
2024-03-12 14:32:19,566:common_utils:INFO:Updated server timestamp: 1710279138844
2024-03-12 14:32:28,405:binance_update_ads:INFO:Competitor ad: {'adv': {'advNo': '12600600153974718464', 'classify': 'profession', 'tradeType': 'SELL', 'asset': 'BTC', 'fiatUnit': 'MXN', 'price': '1220316.00', 'surplusAmount': '0.03753378', 'maxSingleTransAmount': '500000.00', 'minSingleTransAmount': '1500.00', 'payTimeLimit': 30, 'tradeMethods': [{'identifier': 'BANK', 'tradeMethodName': 'Bank Transfer'}, {'identifier': 'BANK'}], 'tradableQuantity': '0.03747382', 'commissionRate': '0.0016', 'takerAdditionalKycRequired': 0, 'assetScale': 8, 'fiatScale': 2, 'priceScale': 2, 'fiatSymbol': 'Mex$', 'isTradable': True, 'dynamicMaxSingleTransAmount': '45803.07', 'minSingleTransQuantity': '0.00122918', 'maxSingleTransQuantity': '0.40972993', 'dynamicMaxSingleTransQuantity': '0.03753378'}, 'advertiser': {'userNo': 's74e77be3e1f53c7f93b675c4a7a7c990', 'nickName': 'Vic Snim', 'monthOrderCount': 120, 'monthFinishRate': '0.984', 'userType': 'merchant', 'tagIconUrls': []}}
2024-03-12 14:32:32,107:binance_update_ads:INFO:Competitor ad: {'adv': {'advNo': '12593307338986668032', 'classify': 'profession', 'tradeType': 'SELL', 'asset': 'BTC', 'fiatUnit': 'MXN', 'price': '1237687.44', 'surplusAmount': '0.05041856', 'maxSingleTransAmount': '8000.00', 'minSingleTransAmount': '1000.00', 'payTimeLimit': 15, 'tradeMethods': [{'identifier': 'CitiBanamex', 'tradeMethodName': 'Citibanamex'}, {'identifier': 'Banorte', 'tradeMethodName': 'Banorte'}], 'tradableQuantity': '0.05033801', 'commissionRate': '0.0016', 'takerAdditionalKycRequired': 0, 'assetScale': 8, 'fiatScale': 2, 'priceScale': 2, 'fiatSymbol': 'Mex$', 'isTradable': True, 'dynamicMaxSingleTransAmount': '8000.00', 'minSingleTransQuantity': '0.00080795', 'maxSingleTransQuantity': '0.00646366', 'dynamicMaxSingleTransQuantity': '0.00646366'}, 'advertiser': {'userNo': 's2cd9ad1d09d33b489f51c326f590a331', 'nickName': 'Eldmty', 'monthOrderCount': 1552, 'monthFinishRate': '0.99', 'userType': 'merchant', 'tagIconUrls': []}}
2024-03-12 14:32:38,068:binance_update_ads:INFO:Competitor ad: {'adv': {'advNo': '11423727566614999040', 'classify': 'profession', 'tradeType': 'SELL', 'asset': 'USDT', 'fiatUnit': 'MXN', 'price': '17.09', 'surplusAmount': '2756.12', 'maxSingleTransAmount': '33333.00', 'minSingleTransAmount': '555.00', 'payTimeLimit': 15, 'tradeMethods': [{'identifier': 'BBVABank', 'tradeMethodName': 'BBVA'}, {'identifier': 'BANK', 'tradeMethodName': 'Bank Transfer'}, {'identifier': 'SantanderMexico', 'tradeMethodName': 'Santander Mexico'}], 'tradableQuantity': '2751.71725239', 'commissionRate': '0.0016', 'takerAdditionalKycRequired': 0, 'assetScale': 2, 'fiatScale': 2, 'priceScale': 2, 'fiatSymbol': 'Mex$', 'isTradable': True, 'dynamicMaxSingleTransAmount': '33333.00', 'minSingleTransQuantity': '32.47', 'maxSingleTransQuantity': '1950.43', 'dynamicMaxSingleTransQuantity': '1950.43'}, 'advertiser': {'userNo': 's5daef3348be63a0d9305264d943af291', 'nickName': 'Alquimista333', 'monthOrderCount': 813, 'monthFinishRate': '0.993', 'userType': 'merchant', 'tagIconUrls': []}}
2024-03-12 14:32:40,836:__main__:ERROR:KeyboardInterrupt received. Exiting...
2024-03-12 14:32:40,868:asyncio:ERROR:Unclosed client session
client_session: <aiohttp.client.ClientSession object at 0x000001AFF80EE110>
2024-03-12 14:32:40,884:asyncio:ERROR:Unclosed client session
client_session: <aiohttp.client.ClientSession object at 0x000001AFF80EE1A0>
2024-03-12 14:32:40,884:asyncio:ERROR:Unclosed connector
connections: ['[(<aiohttp.client_proto.ResponseHandler object at 0x000001AFF81A8400>, 814129.64)]']
connector: <aiohttp.connector.TCPConnector object at 0x000001AFF80EE0E0>
2024-03-12 14:32:40,884:asyncio:ERROR:Unclosed connector
connections: ['[(<aiohttp.client_proto.ResponseHandler object at 0x000001AFF80ABC40>, 814135.656)]']
connector: <aiohttp.connector.TCPConnector object at 0x000001AFF80EE2F0>
2024-03-12 14:32:40,884:asyncio:ERROR:Fatal error on SSL transport
protocol: <asyncio.sslproto.SSLProtocol object at 0x000001AFF8090AF0>
transport: <_SelectorSocketTransport closing fd=692>
Traceback (most recent call last):
  File "C:\Users\p7016\AppData\Local\Programs\Python\Python310\lib\asyncio\selector_events.py", line 924, in write
    n = self._sock.send(data)
OSError: [WinError 10038] An operation was attempted on something that is not a socket

During handling of the above exception, another exception occurred:

Traceback (most recent call last):
  File "C:\Users\p7016\AppData\Local\Programs\Python\Python310\lib\asyncio\sslproto.py", line 690, in _process_write_backlog
    self._transport.write(chunk)
  File "C:\Users\p7016\AppData\Local\Programs\Python\Python310\lib\asyncio\selector_events.py", line 930, in write
    self._fatal_error(exc, 'Fatal write error on socket transport')
  File "C:\Users\p7016\AppData\Local\Programs\Python\Python310\lib\asyncio\selector_events.py", line 725, in _fatal_error
    self._force_close(exc)
  File "C:\Users\p7016\AppData\Local\Programs\Python\Python310\lib\asyncio\selector_events.py", line 737, in _force_close
    self._loop.call_soon(self._call_connection_lost, exc)
  File "C:\Users\p7016\AppData\Local\Programs\Python\Python310\lib\asyncio\base_events.py", line 753, in call_soon
    self._check_closed()
  File "C:\Users\p7016\AppData\Local\Programs\Python\Python310\lib\asyncio\base_events.py", line 515, in _check_closed
    raise RuntimeError('Event loop is closed')
RuntimeError: Event loop is closed
2024-03-12 14:32:40,915:asyncio:ERROR:Fatal error on SSL transport
protocol: <asyncio.sslproto.SSLProtocol object at 0x000001AFF80ED120>
transport: <_SelectorSocketTransport closing fd=1164>
Traceback (most recent call last):
  File "C:\Users\p7016\AppData\Local\Programs\Python\Python310\lib\asyncio\selector_events.py", line 924, in write
    n = self._sock.send(data)
OSError: [WinError 10038] An operation was attempted on something that is not a socket

During handling of the above exception, another exception occurred:

Traceback (most recent call last):
  File "C:\Users\p7016\AppData\Local\Programs\Python\Python310\lib\asyncio\sslproto.py", line 690, in _process_write_backlog
    self._transport.write(chunk)
  File "C:\Users\p7016\AppData\Local\Programs\Python\Python310\lib\asyncio\selector_events.py", line 930, in write
    self._fatal_error(exc, 'Fatal write error on socket transport')
  File "C:\Users\p7016\AppData\Local\Programs\Python\Python310\lib\asyncio\selector_events.py", line 725, in _fatal_error
    self._force_close(exc)
  File "C:\Users\p7016\AppData\Local\Programs\Python\Python310\lib\asyncio\selector_events.py", line 737, in _force_close
    self._loop.call_soon(self._call_connection_lost, exc)
  File "C:\Users\p7016\AppData\Local\Programs\Python\Python310\lib\asyncio\base_events.py", line 753, in call_soon
    self._check_closed()
  File "C:\Users\p7016\AppData\Local\Programs\Python\Python310\lib\asyncio\base_events.py", line 515, in _check_closed
    raise RuntimeError('Event loop is closed')
RuntimeError: Event loop is closed
2024-03-12 14:32:44,890:common_utils:INFO:Updated server timestamp: 1710279164175
2024-03-12 14:32:45,159:common_utils:INFO:Updated server timestamp: 1710279164436
2024-03-12 14:32:55,213:binance_update_ads:INFO:Competitor ad: {'adv': {'advNo': '12600600153974718464', 'classify': 'profession', 'tradeType': 'SELL', 'asset': 'BTC', 'fiatUnit': 'MXN', 'price': '1220316.00', 'surplusAmount': '0.03753378', 'maxSingleTransAmount': '500000.00', 'minSingleTransAmount': '1500.00', 'payTimeLimit': 30, 'tradeMethods': [{'identifier': 'BANK', 'tradeMethodName': 'Bank Transfer'}, {'identifier': 'BANK'}], 'tradableQuantity': '0.03747382', 'commissionRate': '0.0016', 'takerAdditionalKycRequired': 0, 'assetScale': 8, 'fiatScale': 2, 'priceScale': 2, 'fiatSymbol': 'Mex$', 'isTradable': True, 'dynamicMaxSingleTransAmount': '45803.07', 'minSingleTransQuantity': '0.00122918', 'maxSingleTransQuantity': '0.40972993', 'dynamicMaxSingleTransQuantity': '0.03753378'}, 'advertiser': {'userNo': 's74e77be3e1f53c7f93b675c4a7a7c990', 'nickName': 'Vic Snim', 'monthOrderCount': 120, 'monthFinishRate': '0.984', 'userType': 'merchant', 'tagIconUrls': []}}
2024-03-12 14:32:59,369:binance_update_ads:INFO:Competitor ad: {'adv': {'advNo': '12593307338986668032', 'classify': 'profession', 'tradeType': 'SELL', 'asset': 'BTC', 'fiatUnit': 'MXN', 'price': '1237687.44', 'surplusAmount': '0.05041856', 'maxSingleTransAmount': '8000.00', 'minSingleTransAmount': '1000.00', 'payTimeLimit': 15, 'tradeMethods': [{'identifier': 'CitiBanamex', 'tradeMethodName': 'Citibanamex'}, {'identifier': 'Banorte', 'tradeMethodName': 'Banorte'}], 'tradableQuantity': '0.05033801', 'commissionRate': '0.0016', 'takerAdditionalKycRequired': 0, 'assetScale': 8, 'fiatScale': 2, 'priceScale': 2, 'fiatSymbol': 'Mex$', 'isTradable': True, 'dynamicMaxSingleTransAmount': '8000.00', 'minSingleTransQuantity': '0.00080795', 'maxSingleTransQuantity': '0.00646366', 'dynamicMaxSingleTransQuantity': '0.00646366'}, 'advertiser': {'userNo': 's2cd9ad1d09d33b489f51c326f590a331', 'nickName': 'Eldmty', 'monthOrderCount': 1552, 'monthFinishRate': '0.99', 'userType': 'merchant', 'tagIconUrls': []}}
2024-03-12 14:33:05,828:binance_update_ads:INFO:Competitor ad: {'adv': {'advNo': '11506469139286073344', 'classify': 'profession', 'tradeType': 'SELL', 'asset': 'USDT', 'fiatUnit': 'MXN', 'price': '17.08', 'surplusAmount': '6224.05', 'maxSingleTransAmount': '190000.00', 'minSingleTransAmount': '1500.00', 'payTimeLimit': 15, 'tradeMethods': [{'identifier': 'MercadoPagoNew', 'tradeMethodName': 'Mercadopago'}, {'identifier': 'BBVABank', 'tradeMethodName': 'BBVA'}, {'identifier': 'BANK', 'tradeMethodName': 'Bank Transfer'}, {'identifier': 'Banorte', 'tradeMethodName': 'Banorte'}, {'identifier': 'STP', 'tradeMethodName': 'STP'}], 'tradableQuantity': '6215.34851208', 'commissionRate': '0.0014', 'takerAdditionalKycRequired': 0, 'assetScale': 2, 'fiatScale': 2, 'priceScale': 2, 'fiatSymbol': 'Mex$', 'isTradable': True, 'dynamicMaxSingleTransAmount': '106306.77', 'minSingleTransQuantity': '87.82', 'maxSingleTransQuantity': '11124.12', 'dynamicMaxSingleTransQuantity': '6224.05'}, 'advertiser': {'userNo': 'sf215c83290763941880405747b31c428', 'nickName': 'HyperMoneyMx', 'monthOrderCount': 355, 'monthFinishRate': '0.984', 'userType': 'merchant', 'tagIconUrls': []}}
2024-03-12 14:33:10,079:binance_update_ads:INFO:Competitor ad: {'adv': {'advNo': '11423727566614999040', 'classify': 'profession', 'tradeType': 'SELL', 'asset': 'USDT', 'fiatUnit': 'MXN', 'price': '17.09', 'surplusAmount': '2756.12', 'maxSingleTransAmount': '33333.00', 'minSingleTransAmount': '555.00', 'payTimeLimit': 15, 'tradeMethods': [{'identifier': 'BBVABank', 'tradeMethodName': 'BBVA'}, {'identifier': 'BANK', 'tradeMethodName': 'Bank Transfer'}, {'identifier': 'SantanderMexico', 'tradeMethodName': 'Santander Mexico'}], 'tradableQuantity': '2751.71725239', 'commissionRate': '0.0016', 'takerAdditionalKycRequired': 0, 'assetScale': 2, 'fiatScale': 2, 'priceScale': 2, 'fiatSymbol': 'Mex$', 'isTradable': True, 'dynamicMaxSingleTransAmount': '33333.00', 'minSingleTransQuantity': '32.47', 'maxSingleTransQuantity': '1950.43', 'dynamicMaxSingleTransQuantity': '1950.43'}, 'advertiser': {'userNo': 's5daef3348be63a0d9305264d943af291', 'nickName': 'Alquimista333', 'monthOrderCount': 813, 'monthFinishRate': '0.993', 'userType': 'merchant', 'tagIconUrls': []}}
2024-03-12 14:33:16,278:binance_update_ads:INFO:Competitor ad: {'adv': {'advNo': '12570851348768059392', 'classify': 'profession', 'tradeType': 'SELL', 'asset': 'USDT', 'fiatUnit': 'MXN', 'price': '17.40', 'surplusAmount': '990.12', 'maxSingleTransAmount': '17228.00', 'minSingleTransAmount': '500.00', 'payTimeLimit': 30, 'tradeMethods': [{'identifier': 'OXXO', 'tradeMethodName': 'OXXO'}, {'identifier': 'CashDeposit', 'tradeMethodName': 'Cash Deposit to Bank'}, {'identifier': 'STP', 'tradeMethodName': 'STP'}, {'identifier': 'BANK', 'tradeMethodName': 'Bank Transfer'}, {'identifier': '7Eleven', 'tradeMethodName': '7-Eleven'}], 'tradableQuantity': '988.53833865', 'commissionRate': '0.0016', 'takerAdditionalKycRequired': 0, 'assetScale': 2, 'fiatScale': 2, 'priceScale': 2, 'fiatSymbol': 'Mex$', 'isTradable': True, 'dynamicMaxSingleTransAmount': '17228.00', 'minSingleTransQuantity': '28.73', 'maxSingleTransQuantity': '990.11', 'dynamicMaxSingleTransQuantity': '990.11'}, 'advertiser': {'userNo': 's96ddc6ceb0a43c458ed6f509e366844a', 'nickName': 'ICHIMOYKUNAVA', 'monthOrderCount': 348, 'monthFinishRate': '0.992', 'userType': 'merchant', 'tagIconUrls': []}}
2024-03-12 14:33:19,658:binance_update_ads:INFO:Competitor ad: {'adv': {'advNo': '12591565820213092352', 'classify': 'profession', 'tradeType': 'SELL', 'asset': 'ETH', 'fiatUnit': 'MXN', 'price': '68414.26', 'surplusAmount': '0.34331110', 'maxSingleTransAmount': '50000.00', 'minSingleTransAmount': '500.00', 'payTimeLimit': 15, 'tradeMethods': [{'identifier': 'BANK', 'tradeMethodName': 'Bank Transfer'}], 'tradableQuantity': '0.34296813', 'commissionRate': '0.001', 'takerAdditionalKycRequired': 0, 'assetScale': 8, 'fiatScale': 2, 'priceScale': 2, 'fiatSymbol': 'Mex$', 'isTradable': True, 'dynamicMaxSingleTransAmount': '23487.37', 'minSingleTransQuantity': '0.00730841', 'maxSingleTransQuantity': '0.73084178', 'dynamicMaxSingleTransQuantity': '0.34331110'}, 'advertiser': {'userNo': 's85b195c6d2c63288b9fd7bc733077e07', 'nickName': 'Rockefugger', 'monthOrderCount': 15381, 'monthFinishRate': '0.995', 'userType': 'merchant', 'tagIconUrls': []}}
2024-03-12 14:34:07,765:common_utils:INFO:Updated server timestamp: 1710279247041
2024-03-12 14:34:08,097:common_utils:INFO:Updated server timestamp: 1710279247343
2024-03-12 14:35:19,516:binance_c2c:INFO:Message sent
2024-03-12 14:35:24,528:binance_c2c:INFO:Message sent
2024-03-12 14:35:24,528:binance_c2c:INFO:Message sent
2024-03-12 14:35:28,497:fetch_outlook:WARNING:Token expires in: 2024-03-12 15:35:28.497191
2024-03-12 14:35:28,967:ip_info_io:INFO:Getting IP details for: 187.161.80.191
2024-03-12 14:35:29,292:verify_client_ip:INFO:IP from Country: MX
2024-03-12 14:36:14,715:binance_c2c:INFO:Message sent
2024-03-12 14:36:19,835:binance_c2c:INFO:Message sent
2024-03-12 14:36:27,345:binance_c2c:INFO:Message sent
2024-03-12 14:36:53,490:common_utils:INFO:Updated server timestamp: 1710279412764
2024-03-12 14:36:53,772:common_utils:INFO:Updated server timestamp: 1710279413038
2024-03-12 14:37:14,018:binance_c2c:INFO:Message sent
2024-03-12 14:37:14,018:binance_c2c:INFO:Message sent
2024-03-12 14:37:25,644:binance_c2c:INFO:Message sent
2024-03-12 14:37:31,723:binance_bank_deposit:INFO:Amount to deposit: 1500.0
2024-03-12 14:37:31,723:binance_bank_deposit:INFO:Buyer bank condition: AND LOWER(a.account_bank_name) = ?
2024-03-12 14:37:31,723:binance_bank_deposit:INFO:Found 0 suitable accounts for order 20600982166162001920
2024-03-12 14:37:31,723:binance_bank_deposit:INFO:Suitable accounts: []
2024-03-12 14:37:31,723:binance_bank_deposit:INFO:Amount to deposit: 1500.0
2024-03-12 14:37:31,723:binance_bank_deposit:INFO:Buyer bank condition: AND LOWER(a.account_bank_name) NOT LIKE '%bbva%'
2024-03-12 14:37:31,739:binance_bank_deposit:INFO:Found 8 suitable accounts for order 20600982166162001920
2024-03-12 14:37:31,739:binance_bank_deposit:INFO:Suitable accounts: [('646180146006124571', 'STP'), ('646180204200033494', 'STP'), ('710969000016348705', 'Nvio'), ('058597000054265356', 'Banregio'), ('058597000056476091', 'Banregio'), ('710969000007300927', 'Nvio'), ('014761655091416464', 'Santander'), ('710969000015306104', 'Nvio')]
2024-03-12 14:37:31,739:binance_bank_deposit:INFO:Total after deposit for buyer 'MENDEZ CABELLO ALLAN' on account 646180146006124571: 1500.0
2024-03-12 14:37:31,739:binance_bank_deposit:INFO:The deposit does not exceed the buyer's monthly limit of 70000.00.
2024-03-12 14:37:31,754:binance_c2c:INFO:Message sent
2024-03-12 14:37:36,771:binance_c2c:INFO:Message sent
2024-03-12 14:37:41,779:binance_c2c:INFO:Message sent
2024-03-12 14:39:53,008:binance_c2c:INFO:Message sent
2024-03-12 14:39:58,015:binance_c2c:INFO:Message sent
2024-03-12 14:40:20,382:binance_c2c:INFO:Message sent
2024-03-12 14:41:20,660:binance_c2c:INFO:Message sent
2024-03-12 14:41:21,715:binance_c2c:INFO:Message sent
2024-03-12 14:41:26,733:binance_c2c:INFO:Message sent
2024-03-12 14:41:27,332:binance_orders:INFO:Missing balance for BTC: 0.001263309999999962
2024-03-12 14:41:27,582:binance_wallets:INFO:Order successfully placed: {'symbol': 'BTCUSDT', 'orderId': 25582631770, 'orderListId': -1, 'clientOrderId': 'aqLbXLELgAL7GQuLwUDSJd', 'transactTime': 1710279686864, 'price': '0.00000000', 'origQty': '0.00130000', 'executedQty': '0.00130000', 'cummulativeQuoteQty': '92.27543000', 'status': 'FILLED', 'timeInForce': 'GTC', 'type': 'MARKET', 'side': 'BUY', 'workingTime': 1710279686864, 'fills': [{'price': '70981.10000000', 'qty': '0.00130000', 'commission': '0.00000130', 'commissionAsset': 'BTC', 'tradeId': 3478251864}], 'selfTradePreventionMode': 'EXPIRE_MAKER'}
